0.0 13.195781363722785 0.0
0.1 13.1015301453874 0.00719999999999601
0.2 12.979541941522998 0.01440000000000481
0.3 12.995781685149279 0.02160000000000082
0.4 13.076090363223726 0.028799999999996828
0.5 13.086136811222104 0.03600000000000563
0.6 13.093902906181938 0.04320000000000164
0.7 13.140143197281668 0.05039999999999765
0.8 13.110572436883063 0.057599999999993656
0.9 13.081762588328779 0.06480000000000245
1.0 13.023836051829788 0.07199999999999847
1.1 12.926545716692626 0.07919999999999448
1.2 12.97988964079348 0.08640000000000328
1.3 13.044744326688942 0.09359999999999928
1.4 13.113557022698837 0.1007999999999953
1.5 13.16679830040189 0.10800000000000409
1.6 13.30210936364253 0.11520000000000011
1.7 13.40737501752102 0.12239999999999611
1.8 13.546737763286075 0.1296000000000049
1.9 13.592546877991238 0.13680000000000092
2.0 13.642123579967235 0.14399999999999694
2.1 13.7170118348076 0.15120000000000575
2.2 13.712553095956153 0.15840000000000173
2.3 13.657209511911246 0.16559999999999775
2.4 13.60724387961977 0.17279999999999376
2.5 13.49735718249243 0.18000000000000257
2.6 13.253229215664732 0.18719999999999856
2.7 13.071606416712465 0.19439999999999458
2.8 13.066930725898981 0.2016000000000034
2.9 12.97282508590939 0.2087999999999994
3.0 12.908032866018038 0.2159999999999954
3.1 12.942147481063731 0.2232000000000042
3.2 13.002778900349854 0.23040000000000022
3.3 13.080296225644094 0.23759999999999623
3.4 13.164506410936841 0.244800000000005
3.5 13.296506005220657 0.25200000000000106
3.6 13.282849710446119 0.25919999999999704
3.7 13.144890266103491 0.26640000000000585
3.8 13.087007095937805 0.27360000000000184
3.9 12.98333984305787 0.2807999999999979
4.0 12.880906500117124 0.28799999999999387
4.1 12.8435133997261 0.2952000000000027
4.2 12.758244340557082 0.30239999999999867
4.3 12.8064472927374 0.3095999999999947
4.4 12.857916492562072 0.31680000000000347
4.5 12.905798381518272 0.3239999999999995
4.6 12.858282537631123 0.3311999999999955
4.7 12.86308816132741 0.3384000000000043
4.8 12.965818638013303 0.3456000000000003
4.9 12.979962878463374 0.35279999999999634
5.0 12.893156784128447 0.36000000000000515
5.1 12.867565612025773 0.36720000000000114
5.2 12.884507042337518 0.3743999999999971
5.3 12.90967895204566 0.38160000000000593
5.4 12.823760017934854 0.388800000000002
5.5 12.718004067934197 0.39599999999999796
5.6 12.575120892710297 0.40319999999999395
5.7 12.519797387703626 0.41040000000000276
5.8 12.564873980833395 0.4175999999999988
5.9 12.634268510466509 0.4247999999999948
6.0 12.680807198452419 0.4320000000000036
6.1 12.69970319691062 0.4391999999999996
6.2 12.614553734748021 0.44639999999999563
6.3 12.533988689414231 0.4536000000000044
6.4 12.555653912019263 0.46080000000000043
6.5 12.58703411695056 0.4679999999999964
6.6 12.646144826165726 0.47520000000000523
6.7 12.707363370533775 0.4824000000000012
6.8 12.780583845547673 0.48959999999999726
6.9 12.833901099808136 0.49680000000000607
7.0 12.764728456020814 0.5040000000000021
7.1 12.69372569433474 0.5111999999999981
7.2 12.63930236427438 0.5183999999999941
7.3 12.621128095839033 0.5256000000000028
7.4 12.71547200308679 0.5327999999999989
7.5 12.80247582122056 0.5399999999999949
7.6 12.847967974218552 0.5472000000000037
7.7 12.816549722930366 0.5543999999999997
7.8 12.78274202752722 0.5615999999999958
7.9 12.699414797886106 0.5688000000000045
8.0 12.520140942457576 0.5760000000000005
8.1 12.434680215272289 0.5831999999999965
8.2 12.330936193964241 0.5904000000000054
8.3 12.266943039020015 0.5976000000000014
8.4 12.278215049229269 0.6047999999999973
8.5 12.425231300673016 0.6120000000000062
8.6 12.568757867836004 0.6192000000000022
8.7 12.525528337001456 0.6263999999999982
8.8 12.440080366670323 0.6335999999999942
8.9 12.424435629995218 0.640800000000003
9.0 12.434759679895391 0.647999999999999
9.1 12.494354504911437 0.655199999999995
9.2 12.538277348738262 0.6624000000000038
9.3 12.577472838465912 0.6695999999999999
9.4 12.589013415392913 0.6767999999999958
9.5 12.642311933823182 0.6840000000000046
9.6 12.725782413671334 0.6912000000000006
9.7 12.762840862324097 0.6983999999999967
9.8 12.742829820235539 0.7056000000000054
9.9 12.663506735718133 0.7128000000000014
10.0 12.540352909170638 0.7199999999999974
10.1 12.467918442397698 0.7272000000000063
10.2 12.604647054610284 0.7344000000000023
10.3 12.669198939626888 0.7415999999999983
10.4 12.610902504557329 0.7487999999999942
10.5 12.595601251460081 0.7560000000000031
10.6 12.688268462069992 0.7631999999999991
10.7 12.692858333490763 0.7703999999999951
10.8 12.706089680203124 0.777600000000004
10.9 12.750669444124636 0.7847999999999999
11.0 12.813790557231817 0.7919999999999959
11.1 12.92763875118784 0.7992000000000047
11.2 13.035933885177533 0.8064000000000008
11.3 13.084560108635696 0.8135999999999968
11.4 13.031180700845375 0.8208000000000055
11.5 12.957253072850582 0.8280000000000015
11.6 12.989955196935506 0.8351999999999976
11.7 12.89987175980879 0.8424000000000064
11.8 12.691510975200686 0.8496000000000024
11.9 12.624650225223538 0.8567999999999983
12.0 12.646835606685253 0.8639999999999944
12.1 12.791153857095841 0.8712000000000032
12.2 12.973038556838079 0.8783999999999992
12.3 13.015459390137812 0.8855999999999952
12.4 12.996000853217906 0.892800000000004
12.5 13.006422438353802 0.9
12.6 13.001113355372423 0.907199999999996
12.7 12.948439146388212 0.9144000000000049
12.8 12.814080967215926 0.9216000000000009
12.9 12.73666984048836 0.9287999999999969
13.0 12.676069124284561 0.9360000000000056
13.1 12.67771805316224 0.9432000000000017
13.2 12.752950880775929 0.9503999999999977
13.3 12.862340173749711 0.9575999999999937
13.4 12.935723210649229 0.9648000000000024
13.5 12.900061315425074 0.9719999999999985
13.6 12.713103417554201 0.9791999999999945
13.7 12.579372356666488 0.9864000000000033
13.8 12.481557035270814 0.9935999999999993
13.9 12.402697420236164 1.0007999999999952
14.0 12.370547021236426 1.0080000000000042
14.1 12.44931926615508 1.0152
14.2 12.491403192318447 1.0223999999999962
14.3 12.444981237722777 1.029600000000005
14.4 12.477864261418581 1.036800000000001
14.5 12.644138894626304 1.043999999999997
14.6 12.791449958045858 1.0512000000000057
14.7 12.79512870213494 1.0584000000000018
14.8 12.766235056634082 1.0655999999999979
14.9 12.73506808873534 1.0728000000000066
15.0 12.715066169181824 1.0800000000000025
15.1 12.5640810654364 1.0871999999999986
15.2 12.433598120330254 1.0943999999999947
15.3 12.36634601816098 1.1016000000000035
15.4 12.363229619250543 1.1087999999999993
15.5 12.421162994677548 1.1159999999999954
15.6 12.568784340701303 1.1232000000000042
15.7 12.61931965070289 1.1304000000000003
15.8 12.542053429695548 1.1375999999999962
15.9 12.452036337981701 1.1448000000000051
16.0 12.304230894852257 1.152000000000001
16.1 12.135736141969769 1.1591999999999971
16.2 12.007702495502997 1.1664000000000059
16.3 11.991373849333689 1.173600000000002
16.4 12.029247772810757 1.1807999999999979
16.5 12.138504742424983 1.187999999999994
16.6 12.1387092145797 1.1952000000000027
16.7 12.171457539839503 1.2023999999999988
16.8 12.169365296548362 1.2095999999999947
16.9 12.228066032802394 1.2168000000000034
17.0 12.315360958971429 1.2239999999999995
17.1 12.44553060684702 1.2311999999999956
17.2 12.472193204512735 1.2384000000000044
17.3 12.449257692338685 1.2456000000000003
17.4 12.385122299694695 1.2527999999999964
17.5 12.379240806852012 1.2600000000000051
17.6 12.369904024087115 1.2672000000000012
17.7 12.320878380545146 1.274399999999997
17.8 12.212066336460246 1.281600000000006
17.9 12.172486596457599 1.288800000000002
18.0 12.096952434974426 1.295999999999998
18.1 12.160792015167134 1.303199999999994
18.2 12.165357817708976 1.310400000000003
18.3 12.07381777598984 1.3175999999999988
18.4 12.137448757902458 1.3247999999999949
18.5 12.19519901210134 1.3320000000000036
18.6 12.210996166863755 1.3391999999999997
18.7 12.231518073051488 1.3463999999999956
18.8 12.234081625731125 1.3536000000000044
18.9 12.398135646976487 1.3608000000000005
19.0 12.608268226494829 1.3679999999999966
19.1 12.678179184737935 1.3752000000000053
19.2 12.747818065342637 1.3824000000000012
19.3 12.683434649455277 1.3895999999999973
19.4 12.519951666111842 1.396800000000006
19.5 12.367677825005481 1.4040000000000021
19.6 12.317989240290867 1.411199999999998
19.7 12.211598464570848 1.418399999999994
19.8 12.084944695688897 1.4256000000000029
19.9 11.986165243061555 1.432799999999999
20.0 11.92166942597915 1.4399999999999948
20.1 12.00310410066334 1.4472000000000038
20.2 12.075184584567548 1.4543999999999997
20.3 12.15278123852981 1.4615999999999958
20.4 12.244816487092386 1.4688000000000045
20.5 12.369583785901908 1.4760000000000006
20.6 12.470469937064253 1.4831999999999965
20.7 12.398078750127265 1.4904000000000053
20.8 12.381554769262111 1.4976000000000014
20.9 12.464238400797507 1.5047999999999975
21.0 12.43383758717678 1.5120000000000062
21.1 12.33399125908523 1.519200000000002
21.2 12.289737582080011 1.5263999999999982
21.3 12.292252341172272 1.5335999999999943
21.4 12.23483365638604 1.540800000000003
21.5 12.235528816357059 1.547999999999999
21.6 12.341078207322125 1.555199999999995
21.7 12.51247138204871 1.5624000000000038
21.8 12.601031820772507 1.5695999999999999
21.9 12.537986730662322 1.5767999999999958
22.0 12.476653553154678 1.5840000000000047
22.1 12.287036585014368 1.5912000000000006
22.2 12.229773314752892 1.5983999999999967
22.3 12.15332942815735 1.6056000000000055
22.4 12.111433164391658 1.6128000000000016
22.5 12.134325880615783 1.6199999999999974
22.6 12.08319797034684 1.6272000000000062
22.7 12.119216831942461 1.6344000000000023
22.8 12.198115378270394 1.6415999999999984
22.9 12.188791910337258 1.6487999999999943
23.0 12.335482875610873 1.656000000000003
23.1 12.374624344707073 1.6631999999999991
23.2 12.400847681736131 1.6703999999999952
23.3 12.541413473065102 1.677600000000004
23.4 12.623748455789906 1.6847999999999999
23.5 12.671668362716217 1.691999999999996
23.6 12.572324460693448 1.6992000000000047
23.7 12.441395304797213 1.7064000000000008
23.8 12.354842945254074 1.7135999999999967
23.9 12.35444799094576 1.7208000000000057
24.0 12.42197215845644 1.7280000000000015
24.1 12.52521975138072 1.7351999999999976
24.2 12.523662745663563 1.7424000000000064
24.3 12.473425925023955 1.7496000000000025
24.4 12.514324811959785 1.7567999999999984
24.5 12.59305462472461 1.7639999999999945
24.6 12.650422769824605 1.7712000000000032
24.7 12.568994340645432 1.7783999999999993
24.8 12.537538530177182 1.7855999999999952
24.9 12.689448696962858 1.792800000000004
25.0 12.802076193529851 1.8
25.1 12.702770492888602 1.8071999999999961
25.2 12.654880696482683 1.814400000000005
25.3 12.687782116646854 1.8216000000000008
25.4 12.733322486020992 1.8287999999999969
25.5 12.683479803936715 1.8360000000000056
25.6 12.567328384247755 1.8432000000000017
25.7 12.387558713541784 1.8503999999999976
25.8 12.272774245623928 1.8575999999999937
25.9 12.112123611346 1.8648000000000025
26.0 12.031309963286123 1.8719999999999986
26.1 12.032716502271697 1.8791999999999944
26.2 12.135324576163692 1.8864000000000034
26.3 12.28467090652399 1.8935999999999993
26.4 12.415028589897561 1.9007999999999954
26.5 12.48738725877305 1.9080000000000041
26.6 12.509380726666429 1.9152000000000002
26.7 12.540789799743518 1.9223999999999961
26.8 12.56295027333602 1.9296000000000049
26.9 12.614478280868763 1.936800000000001
27.0 12.567851296330975 1.943999999999997
27.1 12.569388467211994 1.9512000000000058
27.2 12.620113380789796 1.9584000000000017
27.3 12.70756809305708 1.9655999999999978
27.4 12.665458828252623 1.972799999999994
27.5 12.52550675139608 1.9800000000000026
27.6 12.370683067986048 1.9871999999999985
27.7 12.336047349040363 1.9943999999999946
27.8 12.2198323677002 2.0016000000000034
27.9 12.088755635428434 2.0087999999999995
28.0 12.0846773525373 2.0159999999999956
28.1 12.040604486147508 2.023200000000004
28.2 11.974481048743906 2.0304
28.3 11.988335357583086 2.0375999999999963
28.4 12.079443153101455 2.0448000000000053
28.5 12.162000346762873 2.052000000000001
28.6 12.286477115072117 2.059199999999997
28.7 12.353283076457577 2.066400000000006
28.8 12.464387989633307 2.073600000000002
28.9 12.582480775267623 2.0807999999999978
29.0 12.709421799886455 2.0880000000000067
29.1 12.7519196178413 2.095200000000003
29.2 12.796358864622006 2.102399999999999
29.3 12.677682567637117 2.1095999999999946
29.4 12.579085487288888 2.1168000000000036
29.5 12.531245374642783 2.1239999999999997
29.6 12.610209877339182 2.1311999999999958
29.7 12.71099289280261 2.1384000000000043
29.8 12.676605686071841 2.1456000000000004
29.9 12.669122592125984 2.1527999999999965
30.0 12.679703130950987 2.160000000000005
30.1 12.687850929187894 2.167200000000001
30.2 12.716018925815513 2.1743999999999972
30.3 12.658427329199968 2.181600000000006
30.4 12.54458228851072 2.188800000000002
30.5 12.574996998517827 2.195999999999998
30.6 12.645228709013795 2.203199999999994
30.7 12.532184568548056 2.210400000000003
30.8 12.471770860351992 2.2175999999999987
30.9 12.420494364578163 2.224799999999995
31.0 12.336583911162306 2.2320000000000038
31.1 12.30865525014162 2.2392
31.2 12.358434341014133 2.2463999999999955
31.3 12.44099916757721 2.2536000000000045
31.4 12.497600302019261 2.2608000000000006
31.5 12.508391739125434 2.2679999999999967
31.6 12.483026693334544 2.275200000000005
31.7 12.477053996021546 2.2824000000000013
31.8 12.57166494774803 2.2895999999999974
31.9 12.589801186357615 2.296800000000006
32.0 12.698971166847373 2.304000000000002
32.1 12.71332480001646 2.311199999999998
32.2 12.64373753010023 2.3183999999999942
32.3 12.637765539086768 2.3256000000000028
32.4 12.663090885552288 2.332799999999999
32.5 12.817852573680812 2.339999999999995
32.6 12.784157978573504 2.347200000000004
32.7 12.58671229352027 2.3543999999999996
32.8 12.438811785029367 2.3615999999999957
32.9 12.45652053490283 2.3688000000000047
33.0 12.558284447706248 2.376000000000001
33.1 12.629797442977917 2.3831999999999964
33.2 12.592950712727282 2.3904000000000054
33.3 12.46902548203071 2.3976000000000015
33.4 12.36076591914989 2.4047999999999976
33.5 12.268738621892206 2.412000000000006
33.6 12.243780971173317 2.4192000000000022
33.7 12.30661385097848 2.4263999999999983
33.8 12.468284492572522 2.4335999999999944
33.9 12.53677061108106 2.440800000000003
34.0 12.43028443787293 2.447999999999999
34.1 12.347589986976411 2.455199999999995
34.2 12.282200112269 2.4624000000000037
34.3 12.258063883381586 2.4696
34.4 12.326026342556185 2.476799999999996
34.5 12.178280058012572 2.484000000000005
34.6 12.092958813436809 2.4912000000000005
34.7 12.05195296219795 2.4983999999999966
34.8 12.124791776453572 2.5056000000000056
34.9 12.27052613027704 2.5128000000000017
35.0 12.322993865411753 2.5199999999999974
35.1 12.256626631574944 2.5272000000000063
35.2 12.357788392856051 2.5344000000000024
35.3 12.41956192890909 2.5415999999999985
35.4 12.495983629639232 2.548799999999994
35.5 12.598548619223049 2.556000000000003
35.6 12.537540099853729 2.5631999999999993
35.7 12.450773388473252 2.5703999999999954
35.8 12.382092812508295 2.577600000000004
35.9 12.428531091963476 2.5848
36.0 12.542575793467142 2.591999999999996
36.1 12.604872147486732 2.5992000000000046
36.2 12.638872500636278 2.6064000000000007
36.3 12.705266538760204 2.613599999999997
36.4 12.73785920227221 2.620800000000006
36.5 12.706381185932882 2.6280000000000014
36.6 12.632671576054724 2.6351999999999975
36.7 12.568027765876225 2.6424000000000065
36.8 12.494246317082412 2.6496000000000026
36.9 12.41373110722533 2.6567999999999983
37.0 12.41220380840477 2.6639999999999944
37.1 12.373856106439273 2.6712000000000033
37.2 12.322545853029952 2.6783999999999994
37.3 12.369125470130863 2.685599999999995
37.4 12.369456324001353 2.692800000000004
37.5 12.32656189201712 2.7
37.6 12.289386906738775 2.7071999999999963
37.7 12.154334895609749 2.714400000000005
37.8 12.148738516305828 2.721600000000001
37.9 12.345745824628372 2.728799999999997
38.0 12.498149537432337 2.7360000000000055
38.1 12.512015555295795 2.7432000000000016
38.2 12.537429722623578 2.7503999999999977
38.3 12.471062653211414 2.7576000000000067
38.4 12.38384082734442 2.7648000000000024
38.5 12.215394550021518 2.7719999999999985
38.6 12.213323098995069 2.7791999999999946
38.7 12.276510852553 2.7864000000000035
38.8 12.383725857730996 2.793599999999999
38.9 12.452501652334993 2.8007999999999953
39.0 12.411567104895365 2.8080000000000043
39.1 12.31756717556916 2.8152000000000004
39.2 12.24597816310967 2.822399999999996
39.3 12.29037914723564 2.829600000000005
39.4 12.451320191118821 2.836800000000001
39.5 12.54856396806782 2.843999999999997
39.6 12.502132027864635 2.8512000000000057
39.7 12.417584593915436 2.858400000000002
39.8 12.379668447663311 2.865599999999998
39.9 12.257141226467745 2.8728000000000065
40.0 12.187103102661638 2.8800000000000026
40.1 12.287242520372676 2.8871999999999987
40.2 12.528279337256718 2.8943999999999948
40.3 12.743032656902555 2.9016000000000033
40.4 12.913936056308255 2.9087999999999994
40.5 13.018393553464438 2.9159999999999955
40.6 12.94808335558603 2.9232000000000045
40.7 12.776756973313685 2.9304
40.8 12.694265976071417 2.937599999999996
40.9 12.697372993959268 2.944800000000005
41.0 12.645802586540045 2.9520000000000013
41.1 12.661267800411053 2.959199999999997
41.2 12.809169180879136 2.966400000000006
41.3 12.873640948267282 2.973600000000002
41.4 12.839868031245127 2.980799999999998
41.5 12.66167548976905 2.9880000000000067
41.6 12.610396933452106 2.9952000000000027
41.7 12.796196230080083 3.002399999999999
41.8 12.960709272590377 3.009599999999995
41.9 12.96486723753391 3.0168000000000035
42.0 12.90076436350372 3.0239999999999996
42.1 12.838985519712418 3.0311999999999957
42.2 12.690115837297393 3.038400000000004
42.3 12.508575545120951 3.0456000000000003
42.4 12.432976110562288 3.0527999999999964
42.5 12.327549371124586 3.0600000000000054
42.6 12.339370017035217 3.067200000000001
42.7 12.33882770964991 3.074399999999997
42.8 12.400380679204533 3.081600000000006
42.9 12.467309640989557 3.088800000000002
43.0 12.470459237009786 3.095999999999998
43.1 12.496681638602297 3.103200000000007
43.2 12.47812075427408 3.110400000000003
43.3 12.494939196896075 3.117599999999999
43.4 12.504002636967744 3.1247999999999947
43.5 12.609975805410524 3.1320000000000037
43.6 12.651127101175838 3.1391999999999998
43.7 12.690894078837722 3.146399999999996
43.8 12.618145544034034 3.1536000000000044
43.9 12.49693980262745 3.1608000000000005
44.0 12.412825875820683 3.1679999999999966
44.1 12.449966042398529 3.175200000000005
44.2 12.55989832777455 3.1824000000000012
44.3 12.619207545717561 3.1895999999999973
44.4 12.647081439434064 3.1968000000000063
44.5 12.733354852206386 3.204000000000002
44.6 12.473336885635808 3.211199999999998
44.7 12.326492280619243 3.218400000000007
44.8 12.448722278318394 3.225600000000003
44.9 12.588121445238272 3.232799999999999
45.0 12.699066082278431 3.239999999999995
45.1 12.753682164686635 3.247200000000004
45.2 12.847439399809916 3.2544
45.3 12.820971119262841 3.2615999999999956
45.4 12.690510420798283 3.2688000000000046
45.5 12.625214221184743 3.2760000000000007
45.6 12.613744159449558 3.283199999999997
45.7 12.544858054888119 3.2904000000000053
45.8 12.400896403618852 3.2976000000000014
45.9 12.252846530299772 3.3047999999999975
46.0 12.056834181761534 3.312000000000006
46.1 12.035654691369421 3.319200000000002
46.2 12.141463101344652 3.3263999999999982
46.3 12.414341928118402 3.3335999999999943
46.4 12.530492107345 3.340800000000003
46.5 12.547804064850787 3.347999999999999
46.6 12.587915546642158 3.355199999999995
46.7 12.634873500139934 3.362400000000004
46.8 12.513877736241676 3.3695999999999997
46.9 12.434923698669884 3.376799999999996
47.0 12.451838827586712 3.384000000000005
47.1 12.499120653053918 3.391200000000001
47.2 12.559240133622389 3.3983999999999965
47.3 12.653475864277514 3.4056000000000055
47.4 12.70610710454379 3.4128000000000016
47.5 12.742278355486246 3.4199999999999977
47.6 12.699888721012075 3.4272000000000062
47.7 12.66622592767699 3.4344000000000023
47.8 12.746823535150563 3.4415999999999984
47.9 12.7623804888347 3.4487999999999945
48.0 12.751425768430934 3.456000000000003
48.1 12.741125654275042 3.463199999999999
48.2 12.840909761150233 3.4703999999999953
48.3 12.820267534347055 3.477600000000004
48.4 12.806683944631692 3.4848
48.5 12.86601467128353 3.491999999999996
48.6 12.923018028034218 3.499200000000005
48.7 12.981239444046768 3.5064000000000006
48.8 12.947907212922166 3.5135999999999967
48.9 12.935514802264981 3.5208000000000057
49.0 12.946985417445696 3.528000000000002
49.1 12.821761679579057 3.5351999999999975
49.2 12.749468573265393 3.5424000000000064
49.3 12.807711286043741 3.5496000000000025
49.4 12.890083586910366 3.5567999999999986
49.5 13.071248234716684 3.5639999999999943
49.6 13.149400425707647 3.5712000000000033
49.7 13.185317637535178 3.5783999999999994
49.8 13.179369254842241 3.5855999999999955
49.9 13.08345208412496 3.592800000000004
50.0 12.982805535185493 3.6
50.1 12.99747690343245 3.607199999999996
50.2 12.995606953431759 3.6144000000000047
50.3 12.980541657778796 3.621600000000001
50.4 12.893849431127798 3.628799999999997
50.5 12.76923436164881 3.636000000000006
50.6 12.734421375065294 3.6432000000000015
50.7 12.731076053375737 3.6503999999999976
50.8 12.821641974365496 3.6576000000000066
50.9 12.883174679751194 3.6648000000000027
51.0 12.893372122799876 3.6719999999999984
51.1 12.9535400616096 3.6791999999999945
51.2 12.928391076195663 3.6864000000000035
51.3 12.938129232991148 3.6935999999999996
51.4 12.94157856932788 3.700799999999995
51.5 12.894312979185997 3.708000000000004
51.6 12.903292825223975 3.7152000000000003
51.7 12.881589184607087 3.7223999999999964
51.8 12.774121413459982 3.729600000000005
51.9 12.554586927745154 3.736800000000001
52.0 12.439356354895686 3.743999999999997
52.1 12.372598487162756 3.7512000000000056
52.2 12.4291236700389 3.7584000000000017
52.3 12.48820190957814 3.765599999999998
52.4 12.649149844644816 3.772799999999994
52.5 12.748791828783856 3.7800000000000025
52.6 12.695169055106529 3.7871999999999986
52.7 12.71891713558024 3.7943999999999947
52.8 12.790265283842349 3.8016000000000036
52.9 12.725462217305006 3.8087999999999993
53.0 12.71712665853226 3.8159999999999954
53.1 12.78107203534544 3.8232000000000044
53.2 12.87240069293177 3.8304000000000005
53.3 12.890660456234281 3.837599999999996
53.4 12.904019034638212 3.844800000000005
53.5 12.982769742541668 3.852000000000001
53.6 12.996733643059194 3.8591999999999973
53.7 12.92049254338663 3.866400000000006
53.8 12.838252089804445 3.873600000000002
53.9 12.768387526067304 3.880799999999998
54.0 12.77708423659515 3.8880000000000066
54.1 12.92352791206737 3.8952000000000027
54.2 13.110489544566448 3.9023999999999988
54.3 13.230888623605592 3.909599999999995
54.4 13.340453258480297 3.9168000000000034
54.5 13.409380833600045 3.9239999999999995
54.6 13.48488704957644 3.9311999999999956
54.7 13.549914739043581 3.9384000000000046
54.8 13.5007607232264 3.9456
54.9 13.396134207502048 3.9527999999999963
55.0 13.408437419434184 3.9600000000000053
55.1 13.412436232947078 3.9672000000000014
55.2 13.34579283358995 3.974399999999997
55.3 13.232545202206355 3.981600000000006
55.4 13.083540683201436 3.988800000000002
55.5 13.005949335818483 3.995999999999998
55.6 12.99104770108883 4.003199999999994
55.7 12.958842033355683 4.010400000000003
55.8 12.774783717836907 4.017599999999999
55.9 12.723560026417534 4.024799999999995
56.0 12.678593174649745 4.032000000000004
56.1 12.635665430168226 4.0392
56.2 12.683362892894857 4.046399999999996
56.3 12.700264785704022 4.053600000000005
56.4 12.676677303229512 4.0608
56.5 12.708405247584325 4.067999999999997
56.6 12.896830943278 4.075200000000005
56.7 12.981876514452907 4.082400000000002
56.8 12.984627582435737 4.089599999999997
56.9 12.955123283207753 4.096800000000006
57.0 12.946967338133314 4.104000000000002
57.1 12.938009311683135 4.111199999999998
57.2 12.916181572207973 4.118400000000007
57.3 12.858941542653683 4.125600000000003
57.4 12.829569299558504 4.132799999999999
57.5 12.757188320674548 4.139999999999995
57.6 12.76646657040432 4.147200000000004
57.7 12.646002102598876 4.1544
57.8 12.500738094557303 4.1615999999999955
57.9 12.366477537874015 4.1688000000000045
58.0 12.40456593728883 4.176000000000001
58.1 12.41779839487912 4.183199999999997
58.2 12.482822888628116 4.190400000000006
58.3 12.599399008119867 4.197600000000001
58.4 12.688621130372674 4.204799999999998
58.5 12.806770068879452 4.212000000000006
58.6 13.014395113477125 4.2192000000000025
58.7 13.126934540745289 4.226399999999998
58.8 13.200171387875514 4.233600000000007
58.9 13.282241000559786 4.240800000000003
59.0 13.27313912425724 4.247999999999999
59.1 13.24584542253804 4.255199999999995
59.2 13.223051913378862 4.262400000000004
59.3 13.19454564776266 4.2696
59.4 13.129557306961457 4.276799999999996
59.5 13.108230005160747 4.284000000000005
59.6 13.135807822906584 4.291200000000001
59.7 13.034573439875608 4.2983999999999964
59.8 12.83062326010871 4.305600000000005
59.9 12.70519935099416 4.312800000000002
60.0 12.756541260830918 4.319999999999998
60.1 12.9369960994548 4.327200000000007
60.2 13.029361050268962 4.334400000000002
60.3 13.098717537126316 4.341599999999999
60.4 13.026022067142621 4.348800000000007
60.5 12.807778119071301 4.356000000000003
60.6 12.641250781183068 4.363199999999999
60.7 12.600316028846906 4.370399999999996
60.8 12.623248555654817 4.377600000000004
60.9 12.726673545741004 4.3848
61.0 12.689056569021421 4.391999999999996
61.1 12.667260260005378 4.399200000000005
61.2 12.687294105492713 4.4064000000000005
61.3 12.713254341610087 4.413599999999997
61.4 12.771357452079581 4.420800000000006
61.5 12.782397814365998 4.428000000000002
61.6 12.702736746426218 4.435199999999997
61.7 12.688922037607185 4.442400000000006
61.8 12.640634922383004 4.449600000000003
61.9 12.630705334896563 4.4567999999999985
62.0 12.708499088527494 4.463999999999994
62.1 12.832456271604283 4.471200000000003
62.2 12.810827129108311 4.4784
62.3 12.882234126982338 4.485599999999995
62.4 12.94404997241295 4.492800000000004
62.5 12.967602712510292 4.5
62.6 13.074849731079075 4.5071999999999965
62.7 13.011801940476495 4.514400000000005
62.8 12.887211545552837 4.521600000000001
62.9 12.752838746148464 4.528799999999997
63.0 12.744173635047122 4.536000000000006
63.1 12.828165632299122 4.5432000000000015
63.2 12.998819279610084 4.550399999999998
63.3 13.168351461828339 4.557600000000007
63.4 13.245315957701354 4.564800000000003
63.5 13.236349412511863 4.571999999999998
63.6 13.222185346033045 4.579199999999995
63.7 13.13933961664576 4.586400000000004
63.8 13.186361990315936 4.5935999999999995
63.9 13.236662209958453 4.600799999999995
64.0 13.218536503723522 4.608000000000004
64.1 13.273108697397053 4.615200000000001
64.2 13.24593141031533 4.622399999999996
64.3 13.280349016905477 4.629600000000005
64.4 13.319796653621287 4.636800000000001
64.5 13.25695344547829 4.6439999999999975
64.6 13.170717302884377 4.6512000000000056
64.7 13.190725799288536 4.658400000000002
64.8 13.185437577160792 4.665599999999998
64.9 13.090001414416697 4.672800000000007
65.0 13.059341545789454 4.680000000000002
65.1 13.113555193308049 4.687199999999999
65.2 13.215723948567554 4.694399999999995
65.3 13.30762216412787 4.7016000000000036
65.4 13.312411498028387 4.708799999999999
65.5 13.282150985259243 4.715999999999996
65.6 13.224618889752719 4.723200000000005
65.7 13.243934356591387 4.7304
65.8 13.27198569098304 4.737599999999996
65.9 13.154978562357481 4.744800000000005
66.0 13.075839935974066 4.752000000000002
66.1 13.12069339723852 4.759199999999997
66.2 13.26748603148246 4.766400000000006
66.3 13.400551052786508 4.773600000000002
66.4 13.429756683593203 4.780799999999998
66.5 13.30214110503477 4.787999999999994
66.6 13.123642067372112 4.795200000000003
66.7 13.025231345471475 4.802399999999999
66.8 12.932889035352355 4.809599999999995
66.9 12.80512838487361 4.816800000000003
67.0 12.78796422373535 4.824
67.1 12.887789087890551 4.8311999999999955
67.2 13.094817994389349 4.8384000000000045
67.3 13.23833640876093 4.8456
67.4 13.273874253401654 4.852799999999997
67.5 13.278013180847239 4.860000000000006
67.6 13.27138546511463 4.867200000000001
67.7 13.318255261916237 4.874399999999997
67.8 13.14666007852843 4.881600000000006
67.9 12.947888049699216 4.8888000000000025
68.0 12.838528333871443 4.895999999999998
68.1 12.854935336357137 4.903200000000007
68.2 12.853288396806969 4.910400000000003
68.3 12.839536668583227 4.917599999999999
68.4 12.858282793175837 4.924799999999995
68.5 12.948363680855094 4.932000000000004
68.6 13.059663934751145 4.9392
68.7 13.090137909600415 4.946399999999996
68.8 13.165883981119935 4.953600000000004
68.9 13.378269790611563 4.960800000000001
69.0 13.628061473727017 4.967999999999996
69.1 13.736276545772434 4.975200000000005
69.2 13.73877210548181 4.982400000000001
69.3 13.763617647045363 4.989599999999998
69.4 13.654900062340667 4.996800000000007
69.5 13.454531518461494 5.004000000000002
69.6 13.149440017172342 5.011199999999998
69.7 12.862677785164149 5.018399999999994
69.8 12.62323643605884 5.025600000000003
69.9 12.563902696631969 5.032799999999999
70.0 12.6670013142499 5.039999999999995
70.1 12.758835829610042 5.047200000000004
70.2 12.991631182985758 5.0544
70.3 13.160235153420293 5.061599999999996
70.4 13.324553337877912 5.068800000000005
70.5 13.471426256570886 5.0760000000000005
70.6 13.558663156724553 5.083199999999997
70.7 13.592616935432245 5.090400000000005
70.8 13.5258337042377 5.097600000000002
70.9 13.424274018120768 5.104799999999997
71.0 13.431909412111878 5.112000000000006
71.1 13.417422307206852 5.119200000000002
71.2 13.37171198337894 5.1263999999999985
71.3 13.279410726764082 5.133599999999994
71.4 13.210688508309891 5.140800000000003
71.5 13.1759339519078 5.147999999999999
71.6 13.244885304814368 5.155199999999995
71.7 13.253365157961024 5.162400000000004
71.8 13.186646992538185 5.1696
71.9 13.07109780107581 5.176799999999996
72.0 13.067909279587152 5.184000000000005
72.1 13.037667639503384 5.191200000000001
72.2 13.067373173531054 5.198399999999997
72.3 13.117765047250579 5.205600000000006
72.4 13.141402075587363 5.212800000000001
72.5 13.116774590281757 5.219999999999998
72.6 13.159528849168186 5.227200000000006
72.7 13.252875050132527 5.234400000000003
72.8 13.251866200745674 5.241599999999998
72.9 13.277536350963642 5.248800000000007
73.0 13.344878060552444 5.256000000000003
73.1 13.46127032847011 5.263199999999999
73.2 13.558010496465224 5.270399999999995
73.3 13.637546819096963 5.277600000000004
73.4 13.652693689573791 5.2848
73.5 13.600133578807736 5.291999999999996
73.6 13.554558045441292 5.299200000000005
73.7 13.56242330125728 5.306400000000001
73.8 13.530753514198588 5.3135999999999965
73.9 13.526199848205817 5.3208000000000055
74.0 13.471123556359293 5.328000000000002
74.1 13.486991122230753 5.335199999999998
74.2 13.590159897228702 5.342400000000007
74.3 13.704784642533536 5.349600000000002
74.4 13.696467133378514 5.356799999999999
74.5 13.769033292520486 5.364000000000007
74.6 13.79594209538659 5.3712000000000035
74.7 13.843442902891047 5.378399999999999
74.8 13.958237861243076 5.385599999999996
74.9 14.13440882793626 5.392800000000004
75.0 14.156042271214618 5.4
75.1 14.125339930542642 5.407199999999996
75.2 14.211027005842578 5.414400000000005
75.3 14.24053773573734 5.421600000000001
75.4 14.274780359225192 5.428799999999997
75.5 14.321604492364546 5.436000000000006
75.6 14.250673621604953 5.443200000000002
75.7 13.991535072650596 5.4503999999999975
75.8 13.890477196399312 5.4576000000000064
75.9 13.96470256412314 5.464800000000003
76.0 14.011806797349285 5.471999999999999
76.1 14.073298978676746 5.479199999999994
76.2 14.148314279667595 5.486400000000003
76.3 14.253991019964607 5.4936
76.4 14.309888347089233 5.5007999999999955
76.5 14.446560704428528 5.5080000000000044
76.6 14.580997573106911 5.5152
76.7 14.52888995630149 5.522399999999997
76.8 14.378831613577528 5.529600000000005
76.9 14.265459890321086 5.536800000000001
77.0 14.169398457227341 5.543999999999997
77.1 14.037164783857207 5.551200000000006
77.2 13.98114903747465 5.558400000000002
77.3 14.063465714486748 5.565599999999998
77.4 14.10695558148302 5.572799999999994
77.5 14.08276684350823 5.580000000000003
77.6 14.036971167811721 5.587199999999998
77.7 14.0338851002832 5.594399999999995
77.8 13.9766692762408 5.601600000000004
77.9 13.926322247843286 5.6088
78.0 13.989279352405758 5.615999999999995
78.1 14.096130806548263 5.623200000000004
78.2 14.1981225727219 5.630400000000001
78.3 14.295363008050407 5.637599999999996
78.4 14.414763414347899 5.644800000000005
78.5 14.425535795674046 5.652000000000001
78.6 14.475714372126433 5.659199999999998
78.7 14.52102302619073 5.666400000000006
78.8 14.528085986728259 5.673600000000002
78.9 14.488612754058893 5.680799999999998
79.0 14.386837616550501 5.687999999999994
79.1 14.297275561660815 5.6952000000000025
79.2 14.21783031880918 5.702399999999999
79.3 14.123386162176145 5.709599999999995
79.4 14.026272401014214 5.716800000000004
79.5 13.821655302460915 5.723999999999999
79.6 13.74192161913073 5.731199999999996
79.7 13.72347216762759 5.738400000000005
79.8 13.719899763746927 5.7456000000000005
79.9 13.689533041854466 5.752799999999996
80.0 13.654569081598286 5.760000000000005
80.1 13.712952000752676 5.767200000000002
80.2 13.755746130541606 5.774399999999997
80.3 13.663829374282365 5.781600000000006
80.4 13.699786932055591 5.788800000000002
80.5 13.81991523030273 5.7959999999999985
80.6 13.869284121259641 5.803199999999994
80.7 13.877391443187848 5.810400000000003
80.8 13.788169384876959 5.817599999999999
80.9 13.797414257161538 5.824799999999995
81.0 13.88564183271552 5.832000000000003
81.1 13.94042304029486 5.8392
81.2 13.934276415544378 5.846399999999996
81.3 13.726374129262494 5.853600000000005
81.4 13.56688301941985 5.8608
81.5 13.531373650904928 5.867999999999997
81.6 13.508039718674503 5.875200000000006
81.7 13.518087563568912 5.882400000000001
81.8 13.5672071820681 5.889599999999997
81.9 13.58240717872765 5.896800000000006
82.0 13.605992740324629 5.904000000000003
82.1 13.673099170009925 5.911199999999998
82.2 13.78878428061064 5.918400000000007
82.3 13.91878663832526 5.925600000000003
82.4 14.037992332866342 5.932799999999999
82.5 14.091347032363814 5.939999999999995
82.6 14.14097832297812 5.947200000000004
82.7 14.32590676078147 5.9544
82.8 14.395047480143752 5.961599999999996
82.9 14.361201174408754 5.968800000000004
83.0 14.317351620790626 5.976000000000001
83.1 14.382000985914797 5.9831999999999965
83.2 14.589501796448804 5.9904000000000055
83.3 14.699340994887388 5.997600000000001
83.4 14.616207528098363 6.004799999999998
83.5 14.662094731647016 6.012000000000007
83.6 14.815986472339366 6.019200000000002
83.7 14.774905908700056 6.026399999999998
83.8 14.723837274356022 6.033600000000007
83.9 14.552348581799675 6.0408000000000035
84.0 14.410746212149741 6.047999999999999
84.1 14.434886249003945 6.055199999999995
84.2 14.447629686446016 6.062400000000004
84.3 14.354957100763823 6.0696
84.4 14.268602681307826 6.076799999999996
84.5 14.126278246947535 6.084000000000005
84.6 14.087300291682737 6.091200000000001
84.7 14.253730701922404 6.098399999999997
84.8 14.496567848925878 6.105600000000005
84.9 14.649790981482703 6.112800000000002
85.0 14.765744338397315 6.119999999999997
85.1 14.905653899729957 6.127200000000006
85.2 14.865306498220335 6.134400000000002
85.3 14.829442222969556 6.141599999999999
85.4 14.777887127236736 6.148800000000008
85.5 14.661032558793835 6.156000000000003
85.6 14.496996230281379 6.163199999999999
85.7 14.451128664022946 6.170399999999995
85.8 14.41467540549089 6.177600000000004
85.9 14.335810745811221 6.1848
86.0 14.297701813835817 6.191999999999996
86.1 14.32803234742463 6.199200000000005
86.2 14.361098443387693 6.206400000000001
86.3 14.366484400362694 6.213599999999997
86.4 14.523704767594868 6.220800000000006
86.5 14.673663537867489 6.2280000000000015
86.6 14.582146805393624 6.235199999999998
86.7 14.418504079297385 6.242400000000006
86.8 14.408120938725162 6.249600000000003
86.9 14.470603887542348 6.256799999999998
87.0 14.432753034590844 6.263999999999995
87.1 14.38768935885397 6.271200000000003
87.2 14.28904513619847 6.2783999999999995
87.3 14.177800873819638 6.285599999999995
87.4 14.021680648942018 6.292800000000004
87.5 13.95765774278436 6.3
87.6 13.914600311150625 6.307199999999996
87.7 13.925244424057054 6.314400000000005
87.8 14.050629791377432 6.321600000000001
87.9 14.219246043741649 6.328799999999997
88.0 14.252299563385481 6.336000000000006
88.1 14.241222087605589 6.343200000000002
88.2 14.217882592998693 6.350399999999998
88.3 14.200850213629451 6.357600000000007
88.4 14.289522702552683 6.3648000000000025
88.5 14.316880845382341 6.371999999999999
88.6 14.306239272660468 6.379200000000007
88.7 14.238823764793342 6.386400000000004
88.8 14.19992935595248 6.393599999999999
88.9 14.148557082417359 6.400799999999996
89.0 14.107523561337638 6.408000000000004
89.1 14.07183294338758 6.4152000000000005
89.2 14.143459914389755 6.422399999999996
89.3 14.308120882388742 6.429600000000005
89.4 14.508548575189415 6.436800000000001
89.5 14.645325925871026 6.443999999999997
89.6 14.667430923010324 6.451200000000006
89.7 14.767477434122787 6.458400000000002
89.8 14.857012975649711 6.465599999999998
89.9 14.877661466257383 6.4728000000000065
90.0 14.850421739588668 6.480000000000003
90.1 14.90151880420136 6.487199999999999
90.2 14.860870552322975 6.494399999999994
90.3 14.875260077158694 6.501600000000003
90.4 14.981807416826538 6.5088
90.5 14.984068097825018 6.515999999999996
90.6 15.081445073645922 6.5232000000000046
90.7 15.25473275432189 6.5304
90.8 15.248362323398739 6.537599999999997
90.9 15.1404330044066 6.544799999999992
91.0 15.056335450147808 6.552000000000001
91.1 14.934323224261618 6.559199999999997
91.2 14.92767028410783 6.566400000000006
91.3 14.82332944800651 6.573600000000002
91.4 14.73986715745525 6.580799999999998
91.5 14.809902855318182 6.587999999999994
91.6 14.743498597073021 6.595200000000003
91.7 14.637505578981267 6.6023999999999985
91.8 14.737683979765556 6.609599999999995
91.9 14.781534204776975 6.616800000000004
92.0 14.701888449945697 6.624
92.1 14.709021814860378 6.631199999999995
92.2 14.910522717743225 6.638400000000004
92.3 15.040739269569919 6.645600000000001
92.4 15.071143526363866 6.6527999999999965
92.5 15.047385017830965 6.6600000000000055
92.6 14.972997153795289 6.667200000000001
92.7 14.87297933106304 6.674399999999998
92.8 14.820256073940046 6.681600000000006
92.9 14.935440572111466 6.688800000000002
93.0 14.980968259417791 6.695999999999998
93.1 15.102480304745246 6.703200000000007
93.2 15.357974909771587 6.710400000000003
93.3 15.428674221913074 6.717599999999999
93.4 15.28433860174534 6.724800000000008
93.5 15.055649156548025 6.732000000000004
93.6 15.013738593809457 6.739199999999999
93.7 14.998811742263717 6.746399999999996
93.8 14.91064687058522 6.753600000000005
93.9 14.920767053773833 6.760800000000001
94.0 14.919751116021507 6.767999999999996
94.1 14.920452784128885 6.775200000000005
94.2 14.939597772956338 6.782400000000002
94.3 14.911351691113948 6.789599999999997
94.4 14.937397768375767 6.796800000000006
94.5 15.044874756968639 6.804000000000002
94.6 15.127327881386229 6.811200000000011
94.7 15.217973965530165 6.818400000000007
94.8 15.244767292909877 6.825600000000003
94.9 15.276853971548142 6.832800000000012
95.0 15.307329954415895 6.839999999999995
95.1 15.335246952028292 6.8472000000000035
95.2 15.32854593330514 6.8544000000000125
95.3 15.256239515065252 6.861600000000009
95.4 15.181572054656911 6.868800000000005
95.5 15.108402186852476 6.876000000000014
95.6 15.076336797353909 6.883200000000009
95.7 15.120635169325746 6.8903999999999925
95.8 15.165784729445859 6.8976000000000015
95.9 15.166907372393405 6.9048000000000105
96.0 15.164942526776587 6.911999999999994
96.1 15.214646245697995 6.919199999999989
96.2 15.315821116714599 6.926399999999998
96.3 15.257539879524003 6.933600000000007
96.4 15.151992562831904 6.9407999999999905
96.5 15.18195313305013 6.9479999999999995
96.6 15.294460832175336 6.955200000000008
96.7 15.39107856573397 6.962399999999991
96.8 15.51727301053949 6.9696
96.9 15.638408982573797 6.976800000000009
97.0 15.609739393815856 6.984000000000004
97.1 15.479973451709192 6.991200000000001
97.2 15.410897888488373 6.998399999999997
97.3 15.403227611197327 7.005599999999993
97.4 15.40014836819325 7.012800000000001
97.5 15.31623344496845 7.02000000000001
97.6 15.282873802467158 7.0271999999999935
97.7 15.348871210902997 7.03439999999999
97.8 15.440122581465836 7.041600000000011
97.9 15.30672688424186 7.048800000000007
98.0 15.197364071421312 7.056000000000004
98.1 15.123977047438254 7.063199999999999
98.2 15.10670843577316 7.070400000000008
98.3 15.091073978656977 7.0775999999999915
98.4 15.089535100835219 7.0848
98.5 15.080395888226107 7.091999999999996
98.6 15.089762586185353 7.099199999999992
98.7 15.214272361669064 7.106399999999988
98.8 15.213976442973285 7.11360000000001
98.9 15.18705223342191 7.120799999999993
99.0 15.235429131558236 7.128000000000002
99.1 15.198347702288421 7.135200000000011
99.2 15.170332322901793 7.1424000000000065
99.3 15.117199841603316 7.14959999999999
99.4 15.12515141273626 7.156800000000011
99.5 15.173201439651129 7.163999999999994
99.6 15.17232744586505 7.171199999999991
99.7 15.245374771329116 7.178400000000012
99.8 15.375259015524897 7.185600000000008
99.9 15.371533860443893 7.192799999999991
100.0 15.382752849686108 7.199999999999988
100.1 15.413872262029608 7.207199999999996
100.2 15.339862289458376 7.214400000000005
100.3 15.315705762467493 7.221600000000014
100.4 15.347870896408896 7.228800000000009
100.5 15.416711606708132 7.236000000000006
100.6 15.409566476940439 7.243199999999989
100.7 15.293065361898758 7.250400000000011
100.8 15.310487684134225 7.257600000000006
100.9 15.401825802726067 7.2647999999999895
101.0 15.529526463908102 7.272000000000012
101.1 15.531651753132477 7.279200000000007
101.2 15.476498084577672 7.286399999999991
101.3 15.480279906588978 7.2936
101.4 15.434435322813036 7.300800000000009
101.5 15.408469135264417 7.307999999999992
101.6 15.310213400810307 7.3152
101.7 15.05792552931148 7.322400000000009
101.8 14.882555455417819 7.3296000000000054
101.9 14.768786564063184 7.336800000000001
102.0 14.713173144189158 7.343999999999997
102.1 14.599435143271114 7.351200000000006
102.2 14.62496375048951 7.358400000000002
102.3 14.698308198808878 7.365599999999998
102.4 14.697997413755314 7.372800000000007
102.5 14.69567751775836 7.380000000000003
102.6 14.702240792770013 7.387199999999999
102.7 14.741909575569991 7.394400000000007
102.8 14.70236666679098 7.401600000000004
102.9 14.627048275819769 7.408799999999999
103.0 14.642110856653147 7.415999999999996
103.1 14.646540412994005 7.423200000000004
103.2 14.683222222889507 7.430400000000001
103.3 14.761274253006663 7.437599999999996
103.4 14.795081369702276 7.444800000000005
103.5 14.878266574930343 7.452000000000001
103.6 15.022727105497399 7.45920000000001
103.7 15.188154978011363 7.466400000000006
103.8 15.270003169311765 7.47359999999999
103.9 15.356423459831195 7.480800000000011
104.0 15.370762395662652 7.487999999999994
104.1 15.3082940291142 7.49519999999999
104.2 15.394189303087522 7.502400000000011
104.3 15.57380635413823 7.509600000000008
104.4 15.798282541470831 7.516799999999991
104.5 15.928512830752135 7.524
104.6 15.886689981565413 7.531200000000008
104.7 15.787173015891046 7.538400000000005
104.8 15.725410819026534 7.5456
104.9 15.66725632303542 7.552799999999997
105.0 15.584800432562945 7.5599999999999925
105.1 15.45807470769966 7.5672000000000015
105.2 15.438121696592848 7.574399999999997
105.3 15.45732432410592 7.581599999999994
105.4 15.383656918428716 7.588799999999989
105.5 15.392384470357374 7.595999999999998
105.6 15.507041133051661 7.603200000000007
105.7 15.611411677518621 7.6103999999999905
105.8 15.635164538392692 7.617600000000012
105.9 15.695842436964385 7.624799999999995
106.0 15.720640309146146 7.632000000000004
106.1 15.69558368363858 7.639200000000012
106.2 15.700339455174836 7.646399999999995
106.3 15.69839440611998 7.653599999999992
106.4 15.633063163317804 7.660800000000001
106.5 15.569317805155123 7.668000000000009
106.6 15.505139099206687 7.675199999999992
106.7 15.397883240267024 7.682400000000001
106.8 15.352822379094084 7.689599999999998
106.9 15.406904111427352 7.696799999999993
107.0 15.488468201777506 7.703999999999989
107.1 15.580242576078021 7.711200000000011
107.2 15.535153506648596 7.718400000000007
107.3 15.468588986438698 7.72559999999999
107.4 15.309813699443842 7.732799999999999
107.5 15.204811121283356 7.739999999999995
107.6 15.213830233872494 7.747199999999991
107.7 15.221273860738782 7.7543999999999995
107.8 15.329988071881631 7.7616000000000085
107.9 15.322118027275742 7.768800000000005
108.0 15.234743438705914 7.776000000000001
108.1 15.134378398534428 7.78320000000001
108.2 15.079447821756027 7.790400000000005
108.3 14.992114063219251 7.797600000000014
108.4 14.902988863845659 7.8047999999999975
108.5 14.87101986499226 7.8120000000000065
108.6 14.834613254528042 7.819200000000002
108.7 14.691644158553556 7.826399999999999
108.8 14.526895016105806 7.833599999999994
108.9 14.424863943343295 7.840800000000003
109.0 14.358181173244292 7.847999999999999
109.1 14.417032728614545 7.8551999999999955
109.2 14.486671147104147 7.862400000000004
109.3 14.531717018954767 7.8696
109.4 14.620924500107659 7.876799999999996
109.5 14.70315365899027 7.884000000000005
109.6 14.722747509303979 7.8912
109.7 14.692762266800377 7.898399999999997
109.8 14.690721676353997 7.905600000000006
109.9 14.717671107868782 7.912800000000002
110.0 14.806051725163359 7.919999999999997
110.1 14.803748035047292 7.927200000000006
110.2 14.760490626954674 7.934400000000003
110.3 14.692002306263616 7.941599999999998
110.4 14.565498077036056 7.948800000000007
110.5 14.434146207194056 7.956000000000003
110.6 14.317793270131132 7.9632
110.7 14.293056141315537 7.970399999999995
110.8 14.375315381051708 7.977600000000004
110.9 14.549262311887231 7.9848
111.0 14.779871447257223 7.991999999999996
111.1 14.963215091316055 7.9992000000000045
111.2 15.166067880253618 8.006399999999989
111.3 15.272950625946821 8.01360000000001
111.4 15.270384072135869 8.020800000000007
111.5 15.259405912200396 8.02799999999999
111.6 15.26633927739943 8.03520000000001
111.7 15.290126592255133 8.042399999999994
111.8 15.263525378361383 8.04959999999999
111.9 15.303939328210777 8.056799999999999
112.0 15.384227963143243 8.064000000000007
112.1 15.470234893861072 8.07119999999999
112.2 15.417592209299023 8.0784
112.3 15.234441974241546 8.085599999999996
112.4 15.107443756162445 8.092800000000004
112.5 15.112056572607713 8.1
112.6 15.21760053948652 8.107199999999997
112.7 15.41344221460111 8.114400000000005
112.8 15.538843669675295 8.1216
112.9 15.61044329666521 8.12880000000001
113.0 15.459925695575974 8.136000000000006
113.1 15.41732997777971 8.14319999999999
113.2 15.326773217826139 8.150399999999998
113.3 15.127153067699247 8.157599999999993
113.4 15.090224079310335 8.164800000000003
113.5 15.07770117668497 8.171999999999999
113.6 15.081421393781357 8.179200000000007
113.7 15.06203907500408 8.186400000000004
113.8 14.965940136249825 8.1936
113.9 15.083673529710815 8.200799999999996
114.0 15.237720663458635 8.208000000000004
114.1 15.246933170417794 8.215200000000014
114.2 15.101214564679532 8.22240000000001
114.3 15.09339926358578 8.229600000000005
114.4 15.20649283357867 8.2368
114.5 15.291777732748871 8.24400000000001
114.6 15.441158288401905 8.251200000000006
114.7 15.461453654986357 8.25839999999999
114.8 15.454942344080377 8.265600000000012
114.9 15.525944872211959 8.272800000000007
115.0 15.542245813093055 8.280000000000003
115.1 15.61830939938916 8.287200000000011
115.2 15.773429099804881 8.294399999999994
115.3 15.847325426861131 8.301600000000004
115.4 15.727388379650993 8.3088
115.5 15.624203880134473 8.316000000000008
115.6 15.726995926929606 8.323200000000005
115.7 15.713774370647895 8.330399999999988
115.8 15.732889262614984 8.337599999999997
115.9 15.621732934918754 8.344799999999992
116.0 15.540591883067417 8.352000000000002
116.1 15.593212510175762 8.359199999999998
116.2 15.62335422183494 8.366399999999993
116.3 15.66409115619266 8.373599999999989
116.4 15.65415321606976 8.380799999999999
116.5 15.547071981307445 8.388000000000007
116.6 15.46136924790424 8.395200000000003
116.7 15.419821952158049 8.402400000000013
116.8 15.311764121468524 8.409599999999996
116.9 15.142201848779422 8.416800000000004
117.0 15.02435346640284 8.424000000000012
117.1 14.891497647402002 8.431199999999995
117.2 14.879007526565697 8.438400000000005
117.3 14.989210028979839 8.4456
117.4 15.253234761150747 8.452799999999996
117.5 15.335090804592223 8.460000000000006
117.6 15.359833439083559 8.467200000000014
117.7 15.511701653058017 8.47440000000001
117.8 15.538595655861503 8.481600000000006
117.9 15.645394685442843 8.488800000000003
118.0 15.843582472528649 8.495999999999999
118.1 15.984914505893475 8.503200000000007
118.2 16.101506510549875 8.51039999999999
118.3 16.09973619782997 8.5176
118.4 15.867920281819854 8.524799999999995
118.5 15.761220054653 8.532000000000004
118.6 15.738146233118595 8.5392
118.7 15.621459689648146 8.546399999999997
118.8 15.580177406490678 8.553600000000005
118.9 15.588451642346193 8.5608
119.0 15.588242298676423 8.56800000000001
119.1 15.521706691544823 8.575200000000006
119.2 15.43076390515936 8.582400000000002
119.3 15.36022106167117 8.589599999999997
119.4 15.378289941078922 8.596799999999993
119.5 15.412008090411755 8.60399999999999
119.6 15.38153653982944 8.61120000000001
119.7 15.3136460598038 8.618400000000007
119.8 15.261159812461074 8.625600000000004
119.9 15.253408408404724 8.632800000000012
120.0 15.356855347806887 8.640000000000008
120.1 15.543956521034133 8.647200000000003
120.2 15.742821339904687 8.654400000000013
120.3 15.837886986467367 8.661599999999996
120.4 15.945713762660032 8.668799999999992
120.5 15.88877466298763 8.676
120.6 15.744329776393613 8.683199999999998
120.7 15.613697340210287 8.690400000000006
120.8 15.60678853365633 8.697600000000001
120.9 15.521735884600943 8.704799999999997
121.0 15.409521119895553 8.711999999999994
121.1 15.403283943960565 8.719200000000003
121.2 15.476085226609962 8.72640000000001
121.3 15.470978605338916 8.733599999999994
121.4 15.429643000612769 8.740800000000004
121.5 15.425962838021288 8.748
121.6 15.319385253555376 8.755199999999995
121.7 15.255225859668684 8.76239999999999
121.8 15.165208735149937 8.769600000000013
121.9 15.28248334277063 8.776799999999996
122.0 15.476499303028774 8.783999999999992
122.1 15.557521434450766 8.791200000000002
122.2 15.530274094575228 8.798399999999997
122.3 15.56791055540801 8.805600000000005
122.4 15.506830371818758 8.812800000000001
122.5 15.477854323394762 8.820000000000011
122.6 15.405251503425376 8.827199999999994
122.7 15.378365552927878 8.834400000000002
122.8 15.467252925598675 8.841600000000012
122.9 15.570571800179987 8.848799999999995
123.0 15.708985468930571 8.856000000000003
123.1 15.820297328255283 8.863200000000012
123.2 15.802628501150382 8.870400000000009
123.3 15.814669562535952 8.877599999999992
123.4 15.731038180272378 8.884800000000013
123.5 15.65288380953214 8.892000000000008
123.6 15.643375470469026 8.899199999999992
123.7 15.598044985565991 8.906400000000014
123.8 15.728755804477565 8.913599999999997
123.9 15.846952347822544 8.920800000000005
124.0 15.821343309328412 8.927999999999988
124.1 15.651744775659704 8.935199999999998
124.2 15.596715193848928 8.942399999999994
124.3 15.57093940711463 8.94959999999999
124.4 15.452150478742096 8.956800000000012
124.5 15.36878819289931 8.964000000000008
124.6 15.374303331760052 8.971200000000003
124.7 15.38994027167043 8.978399999999999
124.8 15.500855086566817 8.985599999999996
124.9 15.66120224409578 8.992799999999992
125.0 15.729272274047227 8.999999999999988
125.1 15.786135540922894 9.007199999999996
125.2 15.718765578834406 9.014400000000006
125.3 15.559315831200452 9.021599999999989
125.4 15.437641437077572 9.028799999999997
125.5 15.387371365515762 9.035999999999992
125.6 15.34616067664142 9.04319999999999
125.7 15.34604068204757 9.050399999999998
125.8 15.405372713766297 9.057599999999994
125.9 15.334641335810268 9.064800000000004
126.0 15.36675315958317 9.072
126.1 15.52360651307796 9.079200000000007
126.2 15.577480688333132 9.086400000000003
126.3 15.539048539982181 9.0936
126.4 15.62028892535544 9.100800000000008
126.5 15.51899918792108 9.107999999999992
126.6 15.394509758877666 9.1152
126.7 15.408066252860925 9.12240000000001
126.8 15.544474006688162 9.129600000000005
126.9 15.698022853439216 9.136800000000013
127.0 15.908442675116367 9.14400000000001
127.1 15.98035773696668 9.151199999999994
127.2 15.897138384128738 9.15839999999999
127.3 15.818257973303872 9.165599999999998
127.4 15.737678707868763 9.172800000000008
127.5 15.781469922848075 9.17999999999999
127.6 15.903473741237347 9.187200000000011
127.7 16.067913231346587 9.194400000000007
127.8 16.194580982453655 9.20159999999999
127.9 16.261896085681983 9.2088
128.0 16.28782869083937 9.216000000000008
128.1 16.328598463548747 9.223199999999991
128.2 16.43944260993387 9.230400000000001
128.3 16.441536758339417 9.23760000000001
128.4 16.458591388627077 9.244799999999993
128.5 16.40764542501602 9.252
128.6 16.37313534270478 9.25920000000001
128.7 16.409941055953485 9.266399999999994
128.8 16.340012190361126 9.273600000000002
128.9 16.224185441715736 9.280800000000012
129.0 16.13647866994864 9.287999999999995
129.1 16.1265935921295 9.295200000000003
129.2 16.155308106321584 9.302400000000011
129.3 16.178171324980074 9.309599999999994
129.4 16.285257277013883 9.316800000000004
129.5 16.29128969935307 9.324000000000012
129.6 16.23318690252756 9.331199999999995
129.7 16.2184222991047 9.338400000000005
129.8 16.222433907747707 9.345600000000013
129.9 16.146966992714198 9.352799999999997
130.0 15.960131697224945 9.360000000000005
130.1 15.848615432080349 9.367200000000002
130.2 15.813452631444076 9.374399999999998
130.3 15.830879144608257 9.381600000000006
130.4 15.838115882984422 9.38879999999999
130.5 15.818881691251734 9.396000000000011
130.6 15.79061683564204 9.403200000000007
130.7 15.751120794036105 9.41039999999999
130.8 15.82615458619852 9.417599999999998
130.9 15.94913254377994 9.424799999999996
131.0 15.959657213440206 9.431999999999992
131.1 15.960083046526117 9.439200000000012
131.2 15.96089703105326 9.44640000000001
131.3 15.808199101362744 9.453600000000005
131.4 15.698257686546835 9.4608
131.5 15.63597881076563 9.467999999999996
131.6 15.623777544328751 9.475200000000006
131.7 15.557967923751454 9.482400000000014
131.8 15.562069535835798 9.489599999999998
131.9 15.65991158268636 9.496800000000006
132.0 15.842233391582008 9.503999999999989
132.1 16.17194229993935 9.511200000000011
132.2 16.357120874409116 9.518399999999994
132.3 16.484902422769974 9.525600000000003
132.4 16.565104875279083 9.532800000000012
132.5 16.626997330294255 9.539999999999996
132.6 16.57814767550971 9.547200000000004
132.7 16.48144061801376 9.554400000000014
132.8 16.388148350290056 9.561599999999997
132.9 16.383388452594037 9.568800000000005
133.0 16.401256761248522 9.576000000000013
133.1 16.33020317923058 9.583199999999996
133.2 16.2946892543745 9.590400000000006
133.3 16.283176042347947 9.59759999999999
133.4 16.35641904332733 9.604799999999997
133.5 16.41624437536841 9.612000000000007
133.6 16.41247816532902 9.61919999999999
133.7 16.246133845269863 9.626399999999999
133.8 16.125373308438018 9.633600000000007
133.9 16.19694963642103 9.64079999999999
134.0 16.18938602642877 9.648
134.1 16.154304945472028 9.655200000000008
134.2 16.128209096900562 9.662399999999991
134.3 15.98146759171984 9.669600000000013
134.4 15.92940171686121 9.676800000000009
134.5 16.11903499229949 9.683999999999992
134.6 16.19320449880686 9.6912
134.7 16.193288289647676 9.69840000000001
134.8 16.177162213674006 9.705599999999993
134.9 16.15687446683271 9.712800000000001
135.0 16.21274977099332 9.720000000000011
135.1 16.276853066141825 9.727199999999995
135.2 16.314818029704174 9.734400000000003
135.3 16.39933575847501 9.74160000000001
135.4 16.406514741932224 9.748799999999994
135.5 16.328720022133542 9.756000000000004
135.6 16.19529125466044 9.763200000000012
135.7 16.101955276976707 9.770399999999995
135.8 15.974882812496222 9.777600000000005
135.9 15.974759928131924 9.784800000000013
136.0 16.054401798626344 9.791999999999996
136.1 15.97265437084836 9.799200000000004
136.2 16.002213270642 9.806399999999988
136.3 16.111949295368206 9.813599999999997
136.4 16.166487010978468 9.820800000000006
136.5 16.121660221890213 9.827999999999989
136.6 16.064383943844287 9.835199999999999
136.7 15.943548717199317 9.842400000000007
136.8 15.882513157178547 9.84959999999999
136.9 15.842803458832698 9.856799999999998
137.0 15.854198111887444 9.863999999999995
137.1 15.84901944954365 9.871199999999991
137.2 15.811797656728402 9.8784
137.3 15.772989655796708 9.885599999999995
137.4 15.826661130335397 9.892800000000005
137.5 15.935377882410615 9.900000000000013
137.6 15.978764761475523 9.907199999999996
137.7 16.033402526056815 9.914399999999992
137.8 16.168197947191203 9.921600000000002
137.9 16.16897022571675 9.92880000000001
138.0 16.00217999732014 9.935999999999993
138.1 15.804651696889426 9.943200000000003
138.2 15.570060827189705 9.950399999999998
138.3 15.45916342144716 9.957600000000006
138.4 15.456640402189196 9.96479999999999
138.5 15.50022247045949 9.972000000000012
138.6 15.517561613360668 9.979200000000008
138.7 15.565010360939779 9.98639999999999
138.8 15.611056325347684 9.993599999999999
138.9 15.7524397465647 10.000799999999996
139.0 15.798645703036788 10.007999999999992
139.1 15.917550626335427 10.015199999999988
139.2 15.945393726564896 10.02240000000001
139.3 16.195292791970484 10.029600000000006
139.4 16.393985210330126 10.036800000000014
139.5 16.50230755109612 10.043999999999997
139.6 16.63717651895508 10.051200000000007
139.7 16.68112343576896 10.05839999999999
139.8 16.666897593056575 10.065599999999998
139.9 16.695812288499507 10.072800000000006
140.0 16.77937534426846 10.07999999999999
140.1 16.77982085480207 10.0872
140.2 16.71263033332971 10.094400000000007
140.3 16.6526600329923 10.10159999999999
140.4 16.66009513391973 10.1088
140.5 16.754226230253465 10.116000000000009
140.6 16.81738562357412 10.123199999999992
140.7 16.808986917217744 10.1304
140.8 16.766717589736707 10.13760000000001
140.9 16.679416979996233 10.144799999999993
141.0 16.45062117074012 10.152000000000001
141.1 16.332923824726088 10.159200000000011
141.2 16.380952937855106 10.166399999999994
141.3 16.545367365846797 10.173600000000002
141.4 16.630137092160005 10.18080000000001
141.5 16.690020068280482 10.187999999999994
141.6 16.68398583393773 10.195200000000003
141.7 16.764675127396995 10.202400000000011
141.8 16.941113435444 10.209599999999995
141.9 17.040687537598057 10.216800000000005
142.0 17.000665311399757 10.224000000000013
142.1 16.95896244175491 10.231199999999996
142.2 17.106938729888398 10.238400000000004
142.3 17.071642492296604 10.245600000000014
142.4 17.053576516291123 10.252799999999997
142.5 16.990308615609525 10.260000000000005
142.6 16.850851775690945 10.267199999999988
142.7 16.686822488569295 10.274399999999998
142.8 16.659710574095566 10.281600000000006
142.9 16.65970677165798 10.28879999999999
143.0 16.566053696729334 10.295999999999998
143.1 16.447224691586094 10.303200000000007
143.2 16.467804566300185 10.31039999999999
143.3 16.451514799789532 10.317599999999999
143.4 16.571981350362343 10.324800000000009
143.5 16.625806285199225 10.331999999999992
143.6 16.662283751310586 10.3392
143.7 16.77328161628834 10.346400000000008
143.8 16.886728650467443 10.353599999999991
143.9 16.891112194714996 10.360800000000001
144.0 16.88916358866321 10.36800000000001
144.1 16.841581173787574 10.375199999999992
144.2 16.717211190401503 10.382400000000002
144.3 16.569352834789097 10.38960000000001
144.4 16.54933718203068 10.396799999999994
144.5 16.513035146893408 10.404000000000002
144.6 16.48006844728316 10.411200000000012
144.7 16.481555255188646 10.418399999999995
144.8 16.455670602709652 10.425600000000003
144.9 16.424007516314504 10.432800000000013
145.0 16.517106319099437 10.439999999999996
145.1 16.528526563909118 10.447200000000004
145.2 16.612175024337024 10.454400000000012
145.3 16.721430875467025 10.461599999999995
145.4 16.738262068332528 10.468800000000005
145.5 16.82400001970546 10.475999999999988
145.6 16.923868417745787 10.483199999999997
145.7 16.98257085531714 10.490400000000006
145.8 16.96792533876163 10.49759999999999
145.9 17.01398647886623 10.504799999999998
146.0 17.067403387574316 10.512000000000006
146.1 17.03547904464839 10.519199999999989
146.2 17.050626753903458 10.526399999999999
146.3 17.136413266629972 10.533600000000007
146.4 17.215441894713916 10.54079999999999
146.5 17.13791989371878 10.548
146.6 16.941210983216372 10.555200000000008
146.7 16.834543103143915 10.562399999999991
146.8 16.82003974990663 10.5696
146.9 16.862202636194624 10.57680000000001
147.0 16.972252292487696 10.583999999999993
147.1 16.870952769408913 10.5912
147.2 16.701074118632324 10.59840000000001
147.3 16.673978058164494 10.605599999999994
147.4 16.658800935060217 10.612800000000002
147.5 16.694383923624716 10.62000000000001
147.6 16.897062681628235 10.627199999999993
147.7 16.893827096247005 10.634400000000003
147.8 16.89688371177022 10.641600000000011
147.9 16.977186952492886 10.648799999999994
148.0 17.094907434174207 10.656000000000004
148.1 17.19382192296137 10.663200000000012
148.2 17.197271994370453 10.670399999999995
148.3 17.157322922507813 10.677600000000004
148.4 17.14042842124442 10.684800000000013
148.5 17.22474700878821 10.691999999999997
148.6 17.24153169450659 10.699200000000005
148.7 17.175801768349775 10.706399999999988
148.8 17.105693109316334 10.713599999999998
148.9 17.154631835363748 10.720800000000006
149.0 17.153046737898475 10.727999999999989
149.1 17.13963594314521 10.735199999999997
149.2 17.11796467200108 10.742400000000007
149.3 17.118906935796534 10.74959999999999
149.4 17.126570571624868 10.756799999999998
149.5 17.21790750693281 10.764000000000008
149.6 17.26762814708512 10.771199999999991
149.7 17.34616998523574 10.7784
149.8 17.36803931368783 10.785600000000008
149.9 17.4120917132409 10.79279999999999
150.0 17.478605484834123 10.8
150.1 17.49023423620773 10.807200000000009
150.2 17.461729867129574 10.814399999999992
150.3 17.434057658431193 10.821600000000002
150.4 17.39643901433776 10.82880000000001
150.5 17.293553593800798 10.835999999999993
150.6 17.316337756462595 10.843200000000001
150.7 17.319604312834954 10.850400000000011
150.8 17.25726680074766 10.857599999999994
150.9 17.16152752529174 10.864800000000002
151.0 17.05468537118317 10.872000000000012
151.1 16.95151772187983 10.879199999999996
151.2 16.838570040714764 10.886400000000004
151.3 16.81052238352482 10.893600000000012
151.4 16.880565527787354 10.900799999999995
151.5 17.048769511497795 10.908000000000005
151.6 17.242305049871106 10.915199999999988
151.7 17.273074516985236 10.922399999999996
151.8 17.31792224370889 10.929600000000006
151.9 17.27134724993478 10.936800000000014
152.0 17.26586908083749 10.943999999999997
152.1 17.21235148902198 10.951200000000005
152.2 17.228816995263074 10.958399999999989
152.3 17.281793894632926 10.965599999999998
152.4 17.310218781518575 10.972800000000007
152.5 17.49963165639791 10.97999999999999
152.6 17.595556329448165 10.9872
152.7 17.50415077101717 10.994400000000008
152.8 17.406942428682697 11.001599999999991
152.9 17.361662616883265 11.008799999999999
153.0 17.42714370589183 11.016000000000009
153.1 17.51422332028155 11.023199999999992
153.2 17.761276933654514 11.0304
153.3 17.918236825407615 11.03760000000001
153.4 18.053955230431047 11.044799999999993
153.5 18.180936565451187 11.052000000000001
153.6 18.20876001240976 11.05920000000001
153.7 18.03582554104216 11.066399999999993
153.8 17.861626886822226 11.073600000000003
153.9 17.799757382484085 11.08080000000001
154.0 17.73034720161526 11.087999999999994
154.1 17.702128782157075 11.095200000000004
154.2 17.66432417058276 11.102400000000012
154.3 17.5588335620114 11.109599999999995
154.4 17.427604336158815 11.116800000000003
154.5 17.300610011817273 11.124000000000013
154.6 17.259347369404185 11.131199999999996
154.7 17.21762631165652 11.138400000000004
154.8 17.4041221573099 11.145600000000014
154.9 17.53565741904923 11.152799999999997
155.0 17.575067186537837 11.160000000000005
155.1 17.577362988975263 11.167199999999989
155.2 17.684303987142865 11.174399999999997
155.3 17.62280478028595 11.181600000000007
155.4 17.529773829941597 11.18879999999999
155.5 17.468302397172152 11.195999999999998
155.6 17.422405187595377 11.203200000000008
155.7 17.289168560778766 11.210399999999991
155.8 17.15757548850197 11.2176
155.9 17.08160983831715 11.224800000000007
156.0 17.046842964875474 11.23199999999999
156.1 17.031910356519287 11.2392
156.2 17.10783728585846 11.246400000000008
156.3 17.144260530548323 11.253599999999992
156.4 17.19258255750002 11.260800000000001
156.5 17.13300560757071 11.26800000000001
156.6 17.071078879735737 11.275199999999993
156.7 16.947116093464548 11.2824
156.8 16.94821651154557 11.28960000000001
156.9 17.002638934240288 11.296799999999994
157.0 17.087760002528245 11.304000000000002
157.1 17.152837901831536 11.311200000000012
157.2 17.19769458936774 11.318399999999995
157.3 17.141184024602712 11.325600000000003
157.4 17.05870968657712 11.332800000000011
157.5 16.90266776713887 11.339999999999995
157.6 16.926387214338774 11.347200000000004
157.7 17.027107642592135 11.354400000000012
157.8 17.214504126701126 11.361599999999996
157.9 17.266299664246468 11.368800000000006
158.0 17.356450904634833 11.375999999999989
158.1 17.366150421655732 11.383199999999997
158.2 17.277590881522215 11.390400000000005
158.3 17.181155094304412 11.397600000000015
158.4 17.13312445755362 11.404799999999998
158.5 17.19605467121962 11.412000000000006
158.6 17.310222427804483 11.41919999999999
158.7 17.37649090028648 11.4264
158.8 17.404161497853234 11.433600000000007
158.9 17.396448442875094 11.44079999999999
159.0 17.37696012938269 11.447999999999999
159.1 17.464128038210287 11.455200000000008
159.2 17.6141031607001 11.462399999999992
159.3 17.683726793482478 11.4696
159.4 17.509976267768117 11.47680000000001
159.5 17.306048460413844 11.483999999999993
159.6 17.262845637510562 11.491200000000001
159.7 17.273518955298144 11.498400000000009
159.8 17.27222784448668 11.505599999999992
159.9 17.430058798971526 11.512800000000002
160.0 17.576291960697958 11.52000000000001
160.1 17.586225575716192 11.527199999999993
160.2 17.523511007233445 11.534400000000003
160.3 17.56018662168651 11.541600000000011
160.4 17.593728318346724 11.548799999999995
160.5 17.51769784219223 11.556000000000003
160.6 17.40547705225678 11.563200000000013
160.7 17.398985310210474 11.570399999999996
160.8 17.405585038933776 11.577600000000004
160.9 17.315406203132607 11.584800000000014
161.0 17.20354077004469 11.591999999999997
161.1 17.095111766933574 11.599200000000005
161.2 17.106955169370355 11.606399999999988
161.3 17.131986499548457 11.613599999999996
161.4 17.09679142812185 11.620800000000006
161.5 17.179202925868967 11.62799999999999
161.6 17.31781131937252 11.635199999999998
161.7 17.44364348555303 11.642400000000007
161.8 17.56441334228793 11.64959999999999
161.9 17.54994764060125 11.656799999999999
162.0 17.55820098204546 11.664000000000007
162.1 17.67824564771568 11.67119999999999
162.2 17.53116591256658 11.6784
162.3 17.345161820265083 11.685600000000008
162.4 17.276074714575596 11.692799999999991
162.5 17.313911879941394 11.700000000000001
162.6 17.38998720904247 11.70720000000001
162.7 17.41882166209136 11.714399999999992
162.8 17.44900207363745 11.7216
162.9 17.441092972026574 11.72880000000001
163.0 17.438073531199677 11.735999999999994
163.1 17.49259193904767 11.743200000000002
163.2 17.4139391607501 11.750400000000012
163.3 17.389559508775392 11.757599999999995
163.4 17.391857992494383 11.764800000000003
163.5 17.419621880948373 11.772000000000011
163.6 17.449564852666015 11.779199999999994
163.7 17.47980670909993 11.786400000000004
163.8 17.56475622993167 11.793600000000012
163.9 17.527590066114005 11.800799999999995
164.0 17.527952427977965 11.808000000000005
164.1 17.578450117153466 11.815200000000013
164.2 17.561892856791395 11.822399999999996
164.3 17.53812665006627 11.829600000000005
164.4 17.472790280196815 11.836800000000014
164.5 17.38972234455333 11.843999999999998
164.6 17.34855375705634 11.851200000000006
164.7 17.429386233814895 11.858399999999989
164.8 17.615912185914468 11.865599999999999
164.9 17.60685958587633 11.872800000000007
165.0 17.56415292937731 11.87999999999999
165.1 17.621771511714627 11.887199999999998
165.2 17.78256321870978 11.894400000000008
165.3 17.91812992491324 11.901599999999991
165.4 17.873935789961454 11.9088
165.5 17.682389887725417 11.91600000000001
165.6 17.623977637299237 11.923199999999992
165.7 17.703230096896856 11.9304
165.8 17.75897312457132 11.937600000000009
165.9 17.823331293971357 11.944799999999992
166.0 17.859332677988903 11.952000000000002
166.1 17.98135030577558 11.95920000000001
166.2 18.0179730492623 11.966399999999993
166.3 17.927890460478125 11.973600000000003
166.4 17.862645024170245 11.980800000000011
166.5 17.750104631151295 11.987999999999994
166.6 17.64528275157163 11.995200000000002
166.7 17.60192597902767 12.002400000000012
166.8 17.64499636431226 12.009599999999995
166.9 17.60960528940034 12.016800000000003
167.0 17.56872341259545 12.024000000000013
167.1 17.505772737905037 12.031199999999997
167.2 17.43155218655974 12.038400000000005
167.3 17.500197161240532 12.045599999999988
167.4 17.645971497430303 12.052799999999996
167.5 17.8142530377336 12.060000000000006
167.6 17.838921373450912 12.067199999999989
167.7 17.668422461395384 12.074399999999997
167.8 17.691180799165764 12.081600000000007
167.9 17.68667073742394 12.08879999999999
168.0 17.726670230100066 12.095999999999998
168.1 17.757860057748633 12.103200000000006
168.2 17.826754731367508 12.11039999999999
168.3 17.922661357661468 12.1176
168.4 17.93633119598157 12.124800000000008
168.5 17.915635978072203 12.13199999999999
168.6 17.89938542818855 12.1392
168.7 18.067983345699847 12.146400000000009
168.8 18.16848583740616 12.153599999999992
168.9 18.15364479110326 12.1608
169.0 18.086856949725142 12.16800000000001
169.1 17.970406549341245 12.175199999999993
169.2 17.87987518105122 12.182400000000001
169.3 17.836669159896548 12.189600000000011
169.4 17.789984108082805 12.196799999999994
169.5 17.732233480003703 12.204000000000002
169.6 17.645401429773475 12.21120000000001
169.7 17.69871177431777 12.218399999999994
169.8 17.73422200358105 12.225600000000004
169.9 17.720910768623778 12.232800000000012
170.0 17.718581050335157 12.239999999999995
170.1 17.704349886425355 12.247200000000005
170.2 17.802820164830923 12.254400000000013
170.3 17.897464417148623 12.261599999999996
170.4 17.870635889811307 12.268800000000004
170.5 17.736109526283133 12.276000000000014
170.6 17.71279100348646 12.283199999999997
170.7 17.810362788657386 12.290400000000005
170.8 17.837541758378926 12.297599999999989
170.9 17.879390729451735 12.304799999999998
171.0 18.13391153350502 12.312000000000006
171.1 18.257421328240316 12.31919999999999
171.2 18.20508495695729 12.326399999999998
171.3 18.21455321420004 12.333600000000008
171.4 18.165410164794547 12.34079999999999
171.5 18.139781764887147 12.347999999999999
171.6 18.05764785204266 12.355200000000009
171.7 18.026508333081164 12.362399999999992
171.8 17.987045163591922 12.3696
171.9 17.99879330696261 12.376800000000008
172.0 18.08972497557344 12.383999999999991
172.1 18.091164141429882 12.391200000000001
172.2 18.04399095141958 12.39840000000001
172.3 18.014045870600985 12.405599999999993
172.4 17.981643719675816 12.412800000000002
172.5 18.03950899234825 12.42000000000001
172.6 18.260942948071403 12.427199999999994
172.7 18.326657292281965 12.434400000000002
172.8 18.37782158384186 12.441600000000012
172.9 18.49073553450503 12.448799999999995
173.0 18.542962854661553 12.456000000000003
173.1 18.556446062625373 12.463200000000013
173.2 18.519042051599985 12.470399999999996
173.3 18.563462819504444 12.477600000000004
173.4 18.595987043496567 12.484800000000012
173.5 18.490892325393926 12.491999999999996
173.6 18.3625366481053 12.499200000000005
173.7 18.390557968593075 12.506399999999989
173.8 18.363830992544866 12.513599999999997
173.9 18.224279212839235 12.520800000000007
174.0 18.099665693634744 12.52799999999999
174.1 18.005410588536247 12.535199999999998
174.2 18.031481713591155 12.542400000000006
174.3 18.06873421823508 12.54959999999999
174.4 18.212941016381706 12.556799999999999
174.5 18.306132874137123 12.564000000000007
174.6 18.361666448396104 12.57119999999999
174.7 18.375035209588177 12.5784
174.8 18.36177176226683 12.585600000000008
174.9 18.38448859464925 12.592799999999992
175.0 18.408161510453734 12.6
175.1 18.432308975976895 12.60720000000001
175.2 18.380693461747313 12.614399999999993
175.3 18.34421726259188 12.6216
175.4 18.39760953114422 12.62880000000001
175.5 18.331454297880576 12.635999999999994
175.6 18.2900256261356 12.643200000000002
175.7 18.397472854030674 12.65040000000001
175.8 18.483855321945686 12.657599999999993
175.9 18.574398890651796 12.664800000000003
176.0 18.700290055179767 12.672000000000011
176.1 18.728541576927782 12.679199999999994
176.2 18.718900283685002 12.686400000000004
176.3 18.635666851011823 12.693600000000012
176.4 18.463201645015985 12.700799999999996
176.5 18.32979037160613 12.708000000000004
176.6 18.33520871591995 12.715200000000014
176.7 18.39580141799844 12.722399999999997
176.8 18.554505714744437 12.729600000000005
176.9 18.630537053102405 12.736800000000015
177.0 18.701008188491485 12.743999999999998
177.1 18.751099967972678 12.751200000000006
177.2 18.624986244659713 12.758400000000014
177.3 18.586223424746162 12.765599999999997
177.4 18.740865526249173 12.772800000000007
177.5 18.95166272881834 12.77999999999999
177.6 18.977337403676568 12.787199999999999
177.7 18.78502136983949 12.794400000000008
177.8 18.599999380498783 12.801599999999992
177.9 18.539908238404216 12.8088
178.0 18.595741556636074 12.816000000000008
178.1 18.840740984179394 12.823199999999991
178.2 18.99442348844059 12.830400000000001
178.3 19.082043683874833 12.837600000000009
178.4 19.16154852069328 12.844799999999992
178.5 19.184837416104024 12.852000000000002
178.6 19.14974109580592 12.85920000000001
178.7 19.03305534625982 12.866399999999993
178.8 18.925926915166137 12.873600000000001
178.9 18.975314633272852 12.880800000000011
179.0 18.997250988737342 12.887999999999995
179.1 18.955764256083228 12.895200000000003
179.2 18.96551928658241 12.902400000000013
179.3 18.937016334072926 12.909599999999996
179.4 18.98526006524641 12.916800000000004
179.5 19.118360274127586 12.924000000000012
179.6 19.192860083893837 12.931199999999995
179.7 19.23478875252218 12.938400000000005
179.8 19.23154397766153 12.945600000000013
179.9 19.272529928013256 12.952799999999996
180.0 19.310791950648742 12.960000000000006
180.1 19.411227428123553 12.967200000000014
180.2 19.359968468533832 12.974399999999997
180.3 19.375294747639515 12.981600000000006
180.4 19.330435314474688 12.988799999999989
180.5 19.155651593033543 12.995999999999999
180.6 19.03095993859651 13.003200000000007
180.7 19.03838136757329 13.01039999999999
180.8 19.110070806294765 13.0176
180.9 19.208160926082137 13.024800000000008
181.0 19.36769506583573 13.031999999999991
181.1 19.226415307306 13.0392
181.2 19.031533779749434 13.046400000000009
181.3 18.937335899695398 13.053599999999992
181.4 18.977075336712502 13.0608
181.5 19.09515680886764 13.06800000000001
181.6 19.14904834359982 13.075199999999993
181.7 19.142608316651206 13.082400000000002
181.8 19.17430797967124 13.08960000000001
181.9 19.236729666997906 13.096799999999993
182.0 19.315413476520504 13.104000000000003
182.1 19.461855608201887 13.11120000000001
182.2 19.474681452147898 13.118399999999994
182.3 19.40785329177142 13.125600000000004
182.4 19.28260273490415 13.132800000000012
182.5 19.221595794426005 13.139999999999995
182.6 19.22805220042578 13.147200000000003
182.7 19.183907063302847 13.154400000000013
182.8 19.12830033974949 13.161599999999996
182.9 19.14101949709592 13.168800000000005
183.0 19.202953807083627 13.176000000000014
183.1 19.18951410056113 13.183199999999998
183.2 19.215096928038527 13.190400000000006
183.3 19.283541106327927 13.197600000000014
183.4 19.248168763729083 13.204799999999997
183.5 19.160510772269213 13.212000000000007
183.6 19.171001437220756 13.21919999999999
183.7 19.280279236178668 13.226399999999998
183.8 19.311819017394566 13.233600000000008
183.9 19.317346673070077 13.240799999999991
184.0 19.24782038253076 13.248
184.1 19.226211001626567 13.255200000000007
184.2 19.285355022881998 13.26239999999999
184.3 19.312392953824265 13.2696
184.4 19.281790808746557 13.276800000000009
184.5 19.278174306069477 13.283999999999992
184.6 19.283057034095208 13.291200000000002
184.7 19.260616902660082 13.29840000000001
184.8 19.3299480829518 13.305599999999993
184.9 19.374418378012724 13.312800000000001
185.0 19.333982302367353 13.320000000000011
185.1 19.21896243124365 13.327199999999994
185.2 19.156220880281946 13.334400000000002
185.3 19.153998616629146 13.341600000000012
185.4 19.225121430810688 13.348799999999995
185.5 19.173062934483998 13.356000000000003
185.6 19.123239933681827 13.363200000000012
185.7 19.128933391122537 13.370399999999995
185.8 19.208749835333332 13.377600000000005
185.9 19.28931429085895 13.384800000000013
186.0 19.355951023794468 13.391999999999996
186.1 19.45622746980933 13.399200000000006
186.2 19.49833466010448 13.406399999999989
186.3 19.420852854922007 13.413599999999997
186.4 19.350436049144285 13.420800000000005
186.5 19.302441794047244 13.427999999999988
186.6 19.30685180231931 13.435199999999998
186.7 19.244946824218204 13.442400000000006
186.8 19.163357976614723 13.44959999999999
186.9 19.180642572236117 13.4568
187.0 19.227404316594264 13.464000000000008
187.1 19.196392333030076 13.47119999999999
187.2 19.2442610265459 13.478399999999999
187.3 19.2816147400029 13.485600000000009
187.4 19.437091520405932 13.492799999999992
187.5 19.602516681292773 13.5
187.6 19.63772320002441 13.50720000000001
187.7 19.72581360487734 13.514399999999993
187.8 19.81646958896178 13.521600000000001
187.9 19.8953211030797 13.52880000000001
188.0 19.98812978340443 13.535999999999992
188.1 20.022371058290968 13.543200000000002
188.2 20.038899894235577 13.55040000000001
188.3 20.009600562143547 13.557599999999994
188.4 20.078941288742776 13.564800000000004
188.5 20.146489245307105 13.572000000000012
188.6 20.19412771106475 13.579199999999995
188.7 20.14349369050466 13.586400000000003
188.8 20.041164422271816 13.593600000000013
188.9 19.963614011351066 13.600799999999996
189.0 19.848531411669402 13.608000000000004
189.1 19.806928751035997 13.615200000000014
189.2 19.754138835303092 13.622399999999997
189.3 19.71362506772419 13.629600000000005
189.4 19.721503170103873 13.636799999999988
189.5 19.78312787558292 13.643999999999997
189.6 19.828535533799634 13.651200000000006
189.7 19.955613594316894 13.65839999999999
189.8 20.15488470797469 13.665599999999998
189.9 20.21302746759714 13.672800000000008
190.0 20.239154091637243 13.67999999999999
190.1 20.299110209131086 13.687199999999999
190.2 20.398788871781324 13.694400000000007
190.3 20.529437487201697 13.70159999999999
190.4 20.636400642983872 13.7088
190.5 20.713365765366245 13.716000000000008
190.6 20.805610849178507 13.723199999999991
190.7 20.966259803850615 13.730400000000001
190.8 21.0730018100757 13.73760000000001
190.9 21.07857939986117 13.744799999999993
191.0 21.172928607727325 13.752
191.1 21.428532717574015 13.75920000000001
191.2 21.54567848655151 13.766399999999994
191.3 21.692538468904054 13.773600000000002
191.4 21.8432815979062 13.780800000000012
191.5 21.997068668748938 13.787999999999995
191.6 21.962396450844 13.795200000000003
191.7 21.865363523881378 13.802400000000011
191.8 21.775723433957307 13.809599999999994
191.9 21.865897730775075 13.816800000000004
192.0 21.763607490306125 13.824000000000012
192.1 21.717676126600896 13.831199999999995
192.2 21.84816048474689 13.838400000000005
192.3 21.990728904372048 13.845600000000013
192.4 21.911852661379285 13.852799999999997
192.5 21.813222457008994 13.860000000000005
192.6 21.74715654470179 13.867199999999988
192.7 21.788535712053953 13.874399999999998
192.8 21.74009954589957 13.881600000000006
192.9 21.898834222985073 13.88879999999999
193.0 22.174116326869235 13.895999999999999
193.1 22.234723121544754 13.903200000000007
193.2 22.2279484275706 13.91039999999999
193.3 22.413456595595978 13.917599999999998
193.4 22.62134287652812 13.924800000000008
193.5 22.79166399219434 13.931999999999992
193.6 22.913541042811666 13.9392
193.7 22.96268163697686 13.94640000000001
193.8 22.964484409662127 13.953599999999993
193.9 22.931492740001033 13.9608
194.0 22.784099877749338 13.968000000000009
194.1 22.680873037972606 13.975199999999992
194.2 22.67653673065955 13.982400000000002
194.3 22.63616107309896 13.98960000000001
194.4 22.599161976161735 13.996799999999993
194.5 22.582117828817985 14.004000000000003
194.6 22.628865593865005 14.011200000000011
194.7 22.78370961245991 14.018399999999994
194.8 22.85222562611379 14.025600000000003
194.9 22.96881786248639 14.032800000000012
195.0 23.077959003830717 14.039999999999996
195.1 23.118177871283745 14.047200000000004
195.2 23.0731346730171 14.054400000000014
195.3 22.894897948242047 14.061599999999997
195.4 22.775774644107166 14.068800000000005
195.5 22.69221750865747 14.075999999999988
195.6 22.615703687259373 14.083199999999996
195.7 22.647184427537873 14.090400000000006
195.8 22.76983058365701 14.09759999999999
195.9 22.954914288966236 14.104799999999997
196.0 23.093846710358704 14.112000000000007
196.1 23.112807028838777 14.11919999999999
196.2 23.199579288159583 14.126399999999999
196.3 23.22463987351084 14.133600000000007
196.4 23.255189925270034 14.14079999999999
196.5 23.387564861737793 14.148
196.6 23.39725598323096 14.155200000000008
196.7 23.314467414604312 14.162399999999991
196.8 23.193720707445337 14.1696
196.9 23.20697658406704 14.176800000000009
197.0 23.30909216338548 14.183999999999992
197.1 23.4639936177317 14.1912
197.2 23.753653816073175 14.19840000000001
197.3 24.045316869213924 14.205599999999993
197.4 24.271285668143285 14.212800000000001
197.5 24.543007185616165 14.220000000000011
197.6 24.81908429191115 14.227199999999995
197.7 24.95879626897132 14.234400000000003
197.8 25.04976418242842 14.24160000000001
197.9 25.146370443526326 14.248799999999994
198.0 25.28969255007078 14.256000000000004
198.1 25.519237111337436 14.263200000000012
198.2 25.845258234077775 14.270399999999995
198.3 26.18549628763965 14.277600000000005
198.4 26.431885786056796 14.284800000000013
198.5 26.58560026775351 14.291999999999996
198.6 26.78653003570199 14.299200000000004
198.7 26.944696694625396 14.306399999999988
198.8 27.07598354034632 14.313599999999997
198.9 27.117928529076856 14.320800000000006
199.0 27.174686543703483 14.327999999999989
199.1 27.39395843851271 14.335199999999999
199.2 27.66127600684034 14.342400000000007
199.3 27.895900568103634 14.34959999999999
199.4 28.289774540084835 14.356799999999998
199.5 28.567431236228693 14.364000000000008
199.6 28.76319396156417 14.371199999999991
199.7 28.971144746026383 14.3784
199.8 29.28575322421687 14.385600000000009
199.9 29.49208153601457 14.392799999999992
200.0 29.517411320508153 14.4
200.1 29.52688473868893 14.407200000000008
200.2 29.625616493156134 14.414399999999992
200.3 29.693960728323262 14.421600000000002
200.4 29.783463053180935 14.42880000000001
200.5 29.86720103087103 14.435999999999993
200.6 30.049486750125926 14.443199999999976
200.7 30.187179525100948 14.45040000000001
200.8 30.192759589610894 14.457600000000019
200.9 30.238381827874186 14.464800000000002
201.0 30.458142428572202 14.471999999999985
201.1 30.6741253229508 14.47920000000002
201.2 30.804017459789364 14.486400000000003
201.3 30.860272562353526 14.493600000000013
201.4 30.909473746768057 14.500800000000021
201.5 30.805782563589364 14.50799999999998
201.6 30.90698160039368 14.515200000000013
201.7 31.01595932043845 14.522399999999996
201.8 31.26143033937829 14.529599999999979
201.9 31.52276688745005 14.536800000000014
202.0 31.563663051787554 14.543999999999997
202.1 31.6783868823813 14.55119999999998
202.2 31.887556808950844 14.558400000000015
202.3 32.14802250841864 14.565600000000023
202.4 32.3679824154949 14.572800000000006
202.5 32.604479881283815 14.57999999999999
202.6 32.88713228595092 14.587200000000024
202.7 32.94589810938791 14.594400000000007
202.8 32.843812648507075 14.60159999999999
202.9 32.830149021344674 14.608800000000025
203.0 32.94347433810178 14.616000000000009
203.1 33.13980134981178 14.623199999999992
203.2 33.33227817041201 14.630399999999975
203.3 33.52933306963089 14.63760000000001
203.4 33.7687777643152 14.644799999999993
203.5 33.967348504383295 14.651999999999976
203.6 34.123471233212065 14.659200000000011
203.7 34.39555518161955 14.666399999999994
203.8 34.7365066072254 14.673600000000027
203.9 35.03428255078158 14.68080000000001
204.0 35.2115233085182 14.687999999999994
204.1 35.28663239970984 14.695200000000028
204.2 35.43085418964844 14.702400000000011
204.3 35.66403614046302 14.709599999999995
204.4 35.897758208415624 14.716799999999978
204.5 36.1082120139032 14.724000000000013
204.6 36.320880912215614 14.731199999999996
204.7 36.60085763514121 14.738399999999979
204.8 36.85381790349264 14.745600000000014
204.9 37.127048493813554 14.752799999999997
205.0 37.354427176835664 14.75999999999998
205.1 37.52382988833893 14.767200000000015
205.2 37.69490009877137 14.774399999999998
205.3 37.858698014294255 14.781599999999981
205.4 38.13872274050663 14.788800000000014
205.5 38.43666025793595 14.795999999999998
205.6 38.701100569853615 14.80319999999998
205.7 38.953595419193036 14.810400000000016
205.8 39.274116156637604 14.817599999999999
205.9 39.845156022250016 14.824799999999982
206.0 40.35835768683748 14.832000000000017
206.1 40.88810578201723 14.8392
206.2 41.222635730429964 14.846399999999983
206.3 41.57121522847214 14.853600000000018
206.4 42.014766010753775 14.860800000000001
206.5 42.45947376169519 14.867999999999984
206.6 42.9482651842609 14.875200000000019
206.7 43.406872943551924 14.882400000000002
206.8 43.83953735616145 14.889599999999986
206.9 44.15805723599436 14.896800000000018
207.0 44.59191393987551 14.904000000000002
207.1 45.03276135861042 14.911199999999985
207.2 45.465289621760306 14.91840000000002
207.3 45.97043137717907 14.925600000000003
207.4 46.37420244917769 14.932799999999986
207.5 46.69704696734147 14.94000000000002
207.6 46.947664745121365 14.947200000000004
207.7 47.26615053861604 14.954399999999987
207.8 47.468462447627886 14.961600000000022
207.9 47.67364624198824 14.968800000000005
208.0 47.941371268130126 14.975999999999988
208.1 48.19920013813907 14.983200000000023
208.2 48.360507975178436 14.990400000000006
208.3 48.561784827168964 14.99759999999999
208.4 48.8187693965704 15.004800000000023
208.5 49.100424804604735 15.012000000000006
208.6 49.36639938002714 15.019199999999989
208.7 49.67491928543486 15.026400000000024
208.8 49.960749596809485 15.033600000000007
208.9 50.14350474104206 15.04079999999999
209.0 50.55772391908425 15.048000000000025
209.1 51.06694901377881 15.055200000000008
209.2 51.39873086976305 15.062399999999991
209.3 51.745675991939265 15.069600000000026
209.4 52.13945383270707 15.07680000000001
209.5 52.49797452887591 15.083999999999993
209.6 52.76884405981572 15.091200000000027
209.7 52.92173402321464 15.09840000000001
209.8 52.99023639498744 15.105599999999994
209.9 53.077418393272985 15.112799999999977
210.0 53.24347208060132 15.12000000000001
210.1 53.44743741471528 15.127199999999993
210.2 53.70277526849701 15.134400000000028
210.3 53.95350837319621 15.141600000000011
210.4 54.17293186518979 15.148799999999994
210.5 54.343249470285016 15.155999999999977
210.6 54.48476016508935 15.163200000000012
210.7 54.61584359525129 15.170399999999995
210.8 54.83365319971958 15.177599999999979
210.9 55.19507115046155 15.184800000000013
211.0 55.65769928993417 15.191999999999997
211.1 56.12446905148525 15.19919999999998
211.2 56.62253781881957 15.206400000000015
211.3 57.10887224072135 15.213599999999998
211.4 57.548090437562514 15.220799999999981
211.5 57.98744446623259 15.228000000000014
211.6 58.48612688892499 15.235199999999997
211.7 58.91829636335398 15.24239999999998
211.8 59.3189626727031 15.249600000000015
211.9 59.65573297647138 15.256799999999998
212.0 59.97458611526366 15.263999999999982
212.1 60.40050736949401 15.271200000000016
212.2 60.94381020879059 15.2784
212.3 61.654678235173826 15.285599999999983
212.4 62.32339145398757 15.292799999999966
212.5 63.02380310462198 15.29999999999995
212.6 63.756733739869595 15.307199999999984
212.7 64.53392252997796 15.314399999999967
212.8 65.34911959029849 15.321600000000002
212.9 66.20131685482305 15.328800000000035
213.0 67.01668365827666 15.335999999999968
213.1 67.77972222921113 15.343200000000001
213.2 68.4777820224996 15.350400000000036
213.3 69.15821809498959 15.357599999999968
213.4 69.8674532422131 15.364800000000002
213.5 70.59403951497546 15.372000000000037
213.6 71.29259624234025 15.379199999999969
213.7 72.10745104812605 15.386400000000004
213.8 72.99557573360795 15.393600000000038
213.9 73.85357933786683 15.40079999999997
214.0 74.75743024075125 15.408000000000005
214.1 75.75506607704716 15.41520000000004
214.2 76.74876835644429 15.422399999999971
214.3 77.86233972195141 15.429600000000006
214.4 78.95547021411782 15.436800000000039
214.5 80.15253647884232 15.443999999999972
214.6 81.43226767801166 15.451200000000005
214.7 82.759676648814 15.45840000000004
214.8 84.21560946855644 15.465599999999972
214.9 85.70038333668575 15.472800000000007
215.0 87.20505797271983 15.480000000000041
215.1 88.77232431305306 15.487199999999973
