0.0 12.760738255732374 0.0
0.1 12.866471461336472 0.00719999999999601
0.2 13.129566587681728 0.01440000000000481
0.3 13.287331787224808 0.02160000000000082
0.4 13.217078058889015 0.028799999999996828
0.5 13.154904428114518 0.03600000000000563
0.6 13.04429188056689 0.04320000000000164
0.7 12.993597621998866 0.05039999999999765
0.8 12.925170096095103 0.057599999999993656
0.9 12.871496207560638 0.06480000000000245
1.0 12.809871668789508 0.07199999999999847
1.1 12.845488696544173 0.07919999999999448
1.2 12.891042496165708 0.08640000000000328
1.3 12.908447362750188 0.09359999999999928
1.4 12.943013271207564 0.1007999999999953
1.5 12.998299952811811 0.10800000000000409
1.6 13.05500105076225 0.11520000000000011
1.7 13.047494702362258 0.12239999999999611
1.8 13.04969120358919 0.1296000000000049
1.9 13.01496356747557 0.13680000000000092
2.0 12.951433052033808 0.14399999999999694
2.1 12.845880068602797 0.15120000000000575
2.2 12.65745469505656 0.15840000000000173
2.3 12.572167622669701 0.16559999999999775
2.4 12.540131473000729 0.17279999999999376
2.5 12.631941640443468 0.18000000000000257
2.6 12.748313373101485 0.18719999999999856
2.7 12.68902191616496 0.19439999999999458
2.8 12.603229949641062 0.2016000000000034
2.9 12.59451498882259 0.2087999999999994
3.0 12.607221109715494 0.2159999999999954
3.1 12.52377641207062 0.2232000000000042
3.2 12.37361899014746 0.23040000000000022
3.3 12.194020952846078 0.23759999999999623
3.4 12.135784681516675 0.244800000000005
3.5 12.148816385522537 0.25200000000000106
3.6 12.21966371868635 0.25919999999999704
3.7 12.20832655256096 0.26640000000000585
3.8 12.227938266476226 0.27360000000000184
3.9 12.337191699689194 0.2807999999999979
4.0 12.496430855721169 0.28799999999999387
4.1 12.524842361596898 0.2952000000000027
4.2 12.534465951590164 0.30239999999999867
4.3 12.58268055622214 0.3095999999999947
4.4 12.638541549156855 0.31680000000000347
4.5 12.645874909191807 0.3239999999999995
4.6 12.606968987525569 0.3311999999999955
4.7 12.552953843102689 0.3384000000000043
4.8 12.360166643083002 0.3456000000000003
4.9 12.26207405643055 0.35279999999999634
5.0 12.282990253341465 0.36000000000000515
5.1 12.361100307932624 0.36720000000000114
5.2 12.438570717442513 0.3743999999999971
5.3 12.442192512796455 0.38160000000000593
5.4 12.44270841965634 0.388800000000002
5.5 12.47286413232088 0.39599999999999796
5.6 12.551054842441491 0.40319999999999395
5.7 12.550292892605757 0.41040000000000276
5.8 12.435218309761101 0.4175999999999988
5.9 12.325267727731875 0.4247999999999948
6.0 12.364732428966962 0.4320000000000036
6.1 12.44893033927602 0.4391999999999996
6.2 12.616912025801117 0.44639999999999563
6.3 12.73704638615274 0.4536000000000044
6.4 12.760077802681383 0.46080000000000043
6.5 12.749990027568206 0.4679999999999964
6.6 12.695812104192388 0.47520000000000523
6.7 12.542473107134647 0.4824000000000012
6.8 12.383818891798303 0.48959999999999726
6.9 12.14228683433156 0.49680000000000607
7.0 11.972139987013447 0.5040000000000021
7.1 11.92895066437933 0.5111999999999981
7.2 11.958811154320195 0.5183999999999941
7.3 12.053019063178754 0.5256000000000028
7.4 12.202873091109772 0.5327999999999989
7.5 12.330301108306815 0.5399999999999949
7.6 12.325619661988764 0.5472000000000037
7.7 12.341464054147476 0.5543999999999997
7.8 12.402922897037564 0.5615999999999958
7.9 12.48766599422445 0.5688000000000045
8.0 12.412871710953441 0.5760000000000005
8.1 12.280322855592194 0.5831999999999965
8.2 12.18251392309894 0.5904000000000054
8.3 12.158987833648776 0.5976000000000014
8.4 12.208987723748777 0.6047999999999973
8.5 12.30418225595009 0.6120000000000062
8.6 12.309608816963504 0.6192000000000022
8.7 12.313152053495278 0.6263999999999982
8.8 12.446044400495715 0.6335999999999942
8.9 12.636411928064511 0.640800000000003
9.0 12.76843652941735 0.647999999999999
9.1 12.85928637303891 0.655199999999995
9.2 12.980350673153808 0.6624000000000038
9.3 13.0317374601038 0.6695999999999999
9.4 12.988801094428762 0.6767999999999958
9.5 12.882818119510224 0.6840000000000046
9.6 12.71867955303701 0.6912000000000006
9.7 12.60756873002641 0.6983999999999967
9.8 12.52702236490459 0.7056000000000054
9.9 12.545969302611782 0.7128000000000014
10.0 12.644194224205858 0.7199999999999974
10.1 12.727442647630566 0.7272000000000063
10.2 12.831472760110874 0.7344000000000023
10.3 12.761697267490057 0.7415999999999983
10.4 12.641997475435366 0.7487999999999942
10.5 12.614419579192889 0.7560000000000031
10.6 12.600338716988276 0.7631999999999991
10.7 12.613361226511433 0.7703999999999951
10.8 12.760340833105397 0.777600000000004
10.9 12.854645381956486 0.7847999999999999
11.0 12.85028583544619 0.7919999999999959
11.1 12.876995519712912 0.7992000000000047
11.2 12.874677389846845 0.8064000000000008
11.3 12.820507142053813 0.8135999999999968
11.4 12.758882928337924 0.8208000000000055
11.5 12.77822280994003 0.8280000000000015
11.6 12.686463214441735 0.8351999999999976
11.7 12.484319134768281 0.8424000000000064
11.8 12.385263380122778 0.8496000000000024
11.9 12.439035677571107 0.8567999999999983
12.0 12.508290561928769 0.8639999999999944
12.1 12.460292455234626 0.8712000000000032
12.2 12.403307179420308 0.8783999999999992
12.3 12.42570400660114 0.8855999999999952
12.4 12.468863354511662 0.892800000000004
12.5 12.54472819099442 0.9
12.6 12.711836036169135 0.907199999999996
12.7 12.878709498822245 0.9144000000000049
12.8 12.980711782507573 0.9216000000000009
12.9 13.069432388942078 0.9287999999999969
13.0 13.08316916009315 0.9360000000000056
13.1 12.999692103570101 0.9432000000000017
13.2 12.855344241383964 0.9503999999999977
13.3 12.806738123911707 0.9575999999999937
13.4 12.811720885441796 0.9648000000000024
13.5 12.888705486457708 0.9719999999999985
13.6 12.956146220688609 0.9791999999999945
13.7 12.993921597315621 0.9864000000000033
13.8 12.985294621701062 0.9935999999999993
13.9 12.951721999585484 1.0007999999999952
14.0 12.895682677341835 1.0080000000000042
14.1 12.904857332595038 1.0152
14.2 12.872989480598367 1.0223999999999962
14.3 12.868511565079762 1.029600000000005
14.4 12.876207288905615 1.036800000000001
14.5 12.816639090341575 1.043999999999997
14.6 12.769760240693143 1.0512000000000057
14.7 12.679193351567534 1.0584000000000018
14.8 12.717843991351739 1.0655999999999979
14.9 12.789178024990038 1.0727999999999938
15.0 12.820549326814227 1.0800000000000025
15.1 12.788177749444795 1.0871999999999986
15.2 12.700877776717917 1.0943999999999947
15.3 12.511985999077712 1.1016000000000035
15.4 12.452935878094436 1.1087999999999993
15.5 12.50366792347386 1.1159999999999954
15.6 12.47925307423227 1.1232000000000042
15.7 12.436640258864644 1.1304000000000003
15.8 12.392315191790525 1.1375999999999962
15.9 12.483795317774229 1.1448000000000051
16.0 12.430259743621525 1.152000000000001
16.1 12.326223350515082 1.1591999999999971
16.2 12.19990424805323 1.1664000000000059
16.3 12.119638436379976 1.173600000000002
16.4 12.07303048457389 1.1807999999999979
16.5 12.116965031310786 1.187999999999994
16.6 12.175165344839838 1.1952000000000027
16.7 12.286703407407158 1.2023999999999988
16.8 12.48361771471019 1.2095999999999947
16.9 12.502534220180273 1.2168000000000034
17.0 12.438430502249014 1.2239999999999995
17.1 12.47299875943289 1.2311999999999956
17.2 12.49517150405177 1.2384000000000044
17.3 12.385071198245571 1.2456000000000003
17.4 12.338071314238158 1.2527999999999964
17.5 12.306194813852503 1.2600000000000051
17.6 12.288648894624831 1.2672000000000012
17.7 12.297287595356712 1.274399999999997
17.8 12.260394060763282 1.281600000000006
17.9 12.232608961859446 1.288800000000002
18.0 12.307488232827087 1.295999999999998
18.1 12.423029797432239 1.303199999999994
18.2 12.412459356781323 1.310400000000003
18.3 12.430825400057204 1.3175999999999988
18.4 12.493641401025812 1.3247999999999949
18.5 12.460910052430197 1.3320000000000036
18.6 12.354468239280529 1.3391999999999997
18.7 12.305688502650433 1.3463999999999956
18.8 12.448316669187069 1.3536000000000044
18.9 12.576769132576116 1.3608000000000005
19.0 12.518373775610653 1.3679999999999966
19.1 12.462512048123463 1.3752000000000053
19.2 12.408470365390366 1.3824000000000012
19.3 12.300780030457174 1.3895999999999973
19.4 12.327044962809827 1.396800000000006
19.5 12.404785103601371 1.4040000000000021
19.6 12.42460648901917 1.411199999999998
19.7 12.481793553392114 1.418399999999994
19.8 12.48045220751135 1.4256000000000029
19.9 12.515192857736842 1.432799999999999
20.0 12.529883534846057 1.4399999999999948
20.1 12.55129724479716 1.4472000000000038
20.2 12.479002514598223 1.4543999999999997
20.3 12.527248199177617 1.4615999999999958
20.4 12.445255224266788 1.4688000000000045
20.5 12.395156065675916 1.4760000000000006
20.6 12.373878604839737 1.4831999999999965
20.7 12.411632842711967 1.4904000000000053
20.8 12.493602869819982 1.4976000000000014
20.9 12.602126110902773 1.5047999999999975
21.0 12.589117401679658 1.5120000000000062
21.1 12.605804994970295 1.519200000000002
21.2 12.452490888161137 1.5263999999999982
21.3 12.338063052228257 1.5335999999999943
21.4 12.332801931741587 1.540800000000003
21.5 12.43252764134708 1.547999999999999
21.6 12.598555354427434 1.555199999999995
21.7 12.743143539622862 1.5624000000000038
21.8 12.82517347924722 1.5695999999999999
21.9 12.716858326406541 1.5767999999999958
22.0 12.658588655735375 1.5840000000000047
22.1 12.762818037180057 1.5912000000000006
22.2 12.852111187998302 1.5983999999999967
22.3 12.915301982083708 1.6056000000000055
22.4 12.892604616902396 1.6128000000000016
22.5 12.689152199131652 1.6199999999999974
22.6 12.466808433142674 1.6272000000000062
22.7 12.295452240467782 1.6344000000000023
22.8 12.185860329654275 1.6415999999999984
22.9 12.279985930699684 1.6487999999999943
23.0 12.368327950341866 1.656000000000003
23.1 12.433259129718358 1.6631999999999991
23.2 12.424409008488183 1.6703999999999952
23.3 12.315289503217256 1.677600000000004
23.4 12.261024540385186 1.6847999999999999
23.5 12.184245486934413 1.691999999999996
23.6 12.235857768646607 1.6992000000000047
23.7 12.281214539988643 1.7064000000000008
23.8 12.28917004625271 1.7135999999999967
23.9 12.327915340477706 1.7208000000000057
24.0 12.45341722186836 1.7280000000000015
24.1 12.548027649884355 1.7351999999999976
24.2 12.634420250595106 1.7424000000000064
24.3 12.78910282071905 1.7496000000000025
24.4 12.853487206077466 1.7567999999999984
24.5 12.858760063959021 1.7639999999999945
24.6 12.766635313686592 1.7712000000000032
24.7 12.635295868987013 1.7783999999999993
24.8 12.499319725672985 1.7855999999999952
24.9 12.402553167507065 1.792800000000004
25.0 12.31559280548545 1.8
25.1 12.384194510425388 1.8071999999999961
25.2 12.538903158472557 1.814400000000005
25.3 12.670611314297444 1.8216000000000008
25.4 12.663141925566427 1.8287999999999969
25.5 12.584287038920284 1.8360000000000056
25.6 12.588373794804768 1.8432000000000017
25.7 12.648206512455355 1.8503999999999976
25.8 12.750142859850369 1.8576000000000066
25.9 12.838723998541807 1.8648000000000025
26.0 13.011442007159042 1.8719999999999986
26.1 13.104110870253823 1.8791999999999944
26.2 13.077223719389773 1.8864000000000034
26.3 12.91677092118421 1.8935999999999993
26.4 12.727099322182411 1.9007999999999954
26.5 12.61341409997176 1.9080000000000041
26.6 12.488037960962531 1.9152000000000002
26.7 12.402590225004756 1.9223999999999961
26.8 12.388555871173065 1.9296000000000049
26.9 12.353721026059153 1.936800000000001
27.0 12.388162979265564 1.943999999999997
27.1 12.481972599851487 1.9512000000000058
27.2 12.559471102736035 1.9584000000000017
27.3 12.562272742572041 1.9655999999999978
27.4 12.638683614966785 1.972799999999994
27.5 12.730805531112187 1.9800000000000026
27.6 12.827828543041353 1.9871999999999985
27.7 12.84609547055742 1.9943999999999946
27.8 12.851668715472526 2.0016000000000034
27.9 12.745296769105346 2.0087999999999995
28.0 12.627072247343364 2.0159999999999956
28.1 12.582283284735292 2.023200000000004
28.2 12.636148633214184 2.0304
28.3 12.763513817821206 2.0375999999999963
28.4 12.81304158198434 2.0448000000000053
28.5 12.86107134117473 2.052000000000001
28.6 12.91503264619669 2.059199999999997
28.7 12.828208945252287 2.066400000000006
28.8 12.789397148269487 2.073600000000002
28.9 12.793121350705976 2.0807999999999978
29.0 12.894106537546316 2.0880000000000067
29.1 12.891636740357338 2.095200000000003
29.2 12.78182260020518 2.102399999999999
29.3 12.692348201481197 2.1095999999999946
29.4 12.695565967959523 2.1168000000000036
29.5 12.730787261632754 2.1239999999999997
29.6 12.695548467142022 2.1311999999999958
29.7 12.595009408310782 2.1384000000000043
29.8 12.407159264015187 2.1456000000000004
29.9 12.421228866125828 2.1527999999999965
30.0 12.456786183785486 2.160000000000005
30.1 12.494546971215678 2.167200000000001
30.2 12.450949246847532 2.1743999999999972
30.3 12.418149272014933 2.181600000000006
30.4 12.45416021543982 2.188800000000002
30.5 12.467268782747322 2.195999999999998
30.6 12.496504469437268 2.203199999999994
30.7 12.597610644547286 2.210400000000003
30.8 12.708594889448033 2.2175999999999987
30.9 12.805098415598868 2.224799999999995
31.0 12.770105206582276 2.2320000000000038
31.1 12.68991942807762 2.2392
31.2 12.696901081411633 2.2463999999999955
31.3 12.713989145385424 2.2536000000000045
31.4 12.619932130476425 2.2608000000000006
31.5 12.417182277309452 2.2679999999999967
31.6 12.400162081207572 2.275200000000005
31.7 12.4977632095122 2.2824000000000013
31.8 12.63056344268737 2.2895999999999974
31.9 12.689598342830397 2.296800000000006
32.0 12.599362988302 2.304000000000002
32.1 12.60200913545423 2.311199999999998
32.2 12.642130681139255 2.3183999999999942
32.3 12.571741419138565 2.3256000000000028
32.4 12.46800958495229 2.332799999999999
32.5 12.39534317557107 2.339999999999995
32.6 12.422129982841946 2.347200000000004
32.7 12.449077241606377 2.3543999999999996
32.8 12.392188853492323 2.3615999999999957
32.9 12.427934453882848 2.3688000000000047
33.0 12.522367206725027 2.376000000000001
33.1 12.578021582952617 2.3831999999999964
33.2 12.670955777385572 2.3904000000000054
33.3 12.700062221134123 2.3976000000000015
33.4 12.643884071655519 2.4047999999999976
33.5 12.461023550419197 2.412000000000006
33.6 12.315187753045036 2.4192000000000022
33.7 12.309400882196666 2.4263999999999983
33.8 12.187699682332052 2.4335999999999944
33.9 12.101574099284777 2.440800000000003
34.0 12.122320774716721 2.447999999999999
34.1 12.112619011049025 2.455199999999995
34.2 12.070603828014605 2.4624000000000037
34.3 12.141348954356799 2.4696
34.4 12.243143321702743 2.476799999999996
34.5 12.296384813023797 2.484000000000005
34.6 12.250534750423853 2.4912000000000005
34.7 12.252825604714243 2.4983999999999966
34.8 12.19386120062619 2.5056000000000056
34.9 12.179661657846902 2.5128000000000017
35.0 12.25531974133567 2.5199999999999974
35.1 12.26704982979855 2.5272000000000063
35.2 12.316943165650887 2.5344000000000024
35.3 12.424972583374492 2.5415999999999985
35.4 12.50032866698383 2.548799999999994
35.5 12.566496375540769 2.556000000000003
35.6 12.671141028751322 2.5631999999999993
35.7 12.70671913893326 2.5703999999999954
35.8 12.711566437752527 2.577600000000004
35.9 12.686628249936199 2.5848
36.0 12.684661497268346 2.591999999999996
36.1 12.585514243161684 2.5992000000000046
36.2 12.484196760633834 2.6064000000000007
36.3 12.419514005579472 2.613599999999997
36.4 12.441283503476686 2.620800000000006
36.5 12.491913425378359 2.6280000000000014
36.6 12.409728803750443 2.6351999999999975
36.7 12.449520011607694 2.6424000000000065
36.8 12.54107006719216 2.6496000000000026
36.9 12.490494487757738 2.6567999999999983
37.0 12.476921448735848 2.6639999999999944
37.1 12.512645282370263 2.6712000000000033
37.2 12.493679183850833 2.6783999999999994
37.3 12.343739041265774 2.685599999999995
37.4 12.195473065253788 2.692800000000004
37.5 12.184168403546229 2.7
37.6 12.27746858204197 2.7071999999999963
37.7 12.434427827333913 2.714400000000005
37.8 12.421442721073607 2.721600000000001
37.9 12.376347161299615 2.728799999999997
38.0 12.36751501644111 2.7360000000000055
38.1 12.40768590154007 2.7432000000000016
38.2 12.459635371992144 2.7503999999999977
38.3 12.424687862597398 2.757599999999994
38.4 12.414177205636134 2.7648000000000024
38.5 12.484902629780496 2.7719999999999985
38.6 12.514728488584687 2.7791999999999946
38.7 12.425716764889751 2.7864000000000035
38.8 12.397313216660098 2.793599999999999
38.9 12.429728038041084 2.8007999999999953
39.0 12.443781330285049 2.8080000000000043
39.1 12.510801730067316 2.8152000000000004
39.2 12.583791768065463 2.822399999999996
39.3 12.597641501038282 2.829600000000005
39.4 12.546697273043288 2.836800000000001
39.5 12.519065606452648 2.843999999999997
39.6 12.494811798890947 2.8512000000000057
39.7 12.540476106594491 2.858400000000002
39.8 12.61896506193899 2.865599999999998
39.9 12.591242454649398 2.872799999999994
40.0 12.544492338751978 2.8800000000000026
40.1 12.531654189965996 2.8871999999999987
40.2 12.432342533817627 2.8943999999999948
40.3 12.399134810724279 2.9016000000000033
40.4 12.470045941057947 2.9087999999999994
40.5 12.400998988705503 2.9159999999999955
40.6 12.254853831660116 2.9232000000000045
40.7 12.20650628446276 2.9304
40.8 12.269154538212574 2.937599999999996
40.9 12.358186788489661 2.944800000000005
41.0 12.450817796335436 2.9520000000000013
41.1 12.474096293382114 2.959199999999997
41.2 12.485330725252801 2.966400000000006
41.3 12.46969045296571 2.973600000000002
41.4 12.416678535815889 2.980799999999998
41.5 12.462073114294371 2.9880000000000067
41.6 12.563938412453812 2.9952000000000027
41.7 12.499002406637427 3.002399999999999
41.8 12.482694382623025 3.009599999999995
41.9 12.545226877510329 3.0168000000000035
42.0 12.668700975460533 3.0239999999999996
42.1 12.78938163310253 3.0311999999999957
42.2 12.944116252698047 3.038400000000004
42.3 13.082200051535262 3.0456000000000003
42.4 13.138129193037358 3.0527999999999964
42.5 13.13105910506476 3.0600000000000054
42.6 13.172369869750668 3.067200000000001
42.7 13.130417576942781 3.074399999999997
42.8 13.061590340681539 3.081600000000006
42.9 12.958118372566952 3.088800000000002
43.0 12.780958597814326 3.095999999999998
43.1 12.61334284196065 3.103199999999994
43.2 12.473589707244548 3.110400000000003
43.3 12.418915795403262 3.117599999999999
43.4 12.506986688819586 3.1247999999999947
43.5 12.610595336423712 3.1320000000000037
43.6 12.585802142010984 3.1391999999999998
43.7 12.5468891188676 3.146399999999996
43.8 12.400297652442482 3.1536000000000044
43.9 12.307124864609287 3.1608000000000005
44.0 12.405691157775706 3.1679999999999966
44.1 12.466353253934821 3.175200000000005
44.2 12.444821189517429 3.1824000000000012
44.3 12.435740437850454 3.1895999999999973
44.4 12.4435892832593 3.1968000000000063
44.5 12.37392261177528 3.204000000000002
44.6 12.328542138676196 3.211199999999998
44.7 12.351867562299917 3.218400000000007
44.8 12.479674309837064 3.225600000000003
44.9 12.509461953109124 3.232799999999999
45.0 12.447373673082744 3.239999999999995
45.1 12.453248235607408 3.247200000000004
45.2 12.505643634638414 3.2544
45.3 12.45778455486661 3.2615999999999956
45.4 12.479226050629466 3.2688000000000046
45.5 12.552855616196688 3.2760000000000007
45.6 12.475972067077056 3.283199999999997
45.7 12.316623370217727 3.2904000000000053
45.8 12.295330546088763 3.2976000000000014
45.9 12.352224194658344 3.3047999999999975
46.0 12.424491184127808 3.312000000000006
46.1 12.477301529453035 3.319200000000002
46.2 12.520244425785314 3.3263999999999982
46.3 12.587046421202942 3.3335999999999943
46.4 12.58204845201299 3.340800000000003
46.5 12.531688662649977 3.347999999999999
46.6 12.50751665934948 3.355199999999995
46.7 12.42754986126117 3.362400000000004
46.8 12.356347752954184 3.3695999999999997
46.9 12.312954348392473 3.376799999999996
47.0 12.31352063508968 3.384000000000005
47.1 12.431503877819962 3.391200000000001
47.2 12.52290833485854 3.3983999999999965
47.3 12.618131085156541 3.4056000000000055
47.4 12.658987737684397 3.4128000000000016
47.5 12.63918336264267 3.4199999999999977
47.6 12.62863401456206 3.4272000000000062
47.7 12.6248330551445 3.4344000000000023
47.8 12.582434914681096 3.4415999999999984
47.9 12.646037518866915 3.4487999999999945
48.0 12.796290863536694 3.456000000000003
48.1 12.759899551611504 3.463199999999999
48.2 12.691862877588187 3.4703999999999953
48.3 12.720616507501111 3.477600000000004
48.4 12.67099492292607 3.4848
48.5 12.617621719995864 3.491999999999996
48.6 12.569553318153634 3.499200000000005
48.7 12.545352836310759 3.5064000000000006
48.8 12.589702705199635 3.5135999999999967
48.9 12.608185750601603 3.5208000000000057
49.0 12.536121196716497 3.528000000000002
49.1 12.455128697995981 3.5351999999999975
49.2 12.375962438584015 3.5424000000000064
49.3 12.29246570120772 3.5496000000000025
49.4 12.237756306134392 3.5567999999999986
49.5 12.230207655561601 3.5639999999999943
49.6 12.255610162694097 3.5712000000000033
49.7 12.330346642247658 3.5783999999999994
49.8 12.398416467421852 3.5855999999999955
49.9 12.501813919773154 3.592800000000004
50.0 12.571117111899733 3.6
50.1 12.56137134406318 3.607199999999996
50.2 12.611969858651644 3.6144000000000047
50.3 12.65391869776627 3.621600000000001
50.4 12.634232588249928 3.628799999999997
50.5 12.622635326341017 3.636000000000006
50.6 12.49179618350279 3.6432000000000015
50.7 12.361977352551808 3.6503999999999976
50.8 12.273363488631176 3.6575999999999937
50.9 12.195806422766422 3.6648000000000027
51.0 12.055061919894815 3.6719999999999984
51.1 12.012381406047217 3.6791999999999945
51.2 12.038380756958436 3.6864000000000035
51.3 12.118563787660843 3.6935999999999996
51.4 12.192557995916959 3.700799999999995
51.5 12.282432466159532 3.708000000000004
51.6 12.41828836996942 3.7152000000000003
51.7 12.465205120700183 3.7223999999999964
51.8 12.38254331249596 3.729600000000005
51.9 12.264566597413186 3.736800000000001
52.0 12.220225450351272 3.743999999999997
52.1 12.21419992030355 3.7512000000000056
52.2 12.245263866695558 3.7584000000000017
52.3 12.290980869869315 3.765599999999998
52.4 12.458556137814167 3.772800000000007
52.5 12.474726632090835 3.7800000000000025
52.6 12.449690300331108 3.7871999999999986
52.7 12.40973233459982 3.7943999999999947
52.8 12.373532490153211 3.8016000000000036
52.9 12.387861748468673 3.8087999999999993
53.0 12.451779950659157 3.8159999999999954
53.1 12.482201282023286 3.8232000000000044
53.2 12.385442456121988 3.8304000000000005
53.3 12.292971459843596 3.837599999999996
53.4 12.290052673219037 3.844800000000005
53.5 12.318865666836682 3.852000000000001
53.6 12.35260108415845 3.8591999999999973
53.7 12.470855433435684 3.866400000000006
53.8 12.605895172194407 3.873600000000002
53.9 12.604224527644154 3.880799999999998
54.0 12.49773894202082 3.887999999999994
54.1 12.370227868761328 3.8952000000000027
54.2 12.366015878317087 3.9023999999999988
54.3 12.370768722959758 3.909599999999995
54.4 12.38981439800955 3.9168000000000034
54.5 12.48025476062897 3.9239999999999995
54.6 12.616935401682893 3.9311999999999956
54.7 12.626777603233899 3.9384000000000046
54.8 12.554954209426757 3.9456
54.9 12.46711671664392 3.9527999999999963
55.0 12.46938240278967 3.9600000000000053
55.1 12.527950812753884 3.9672000000000014
55.2 12.588826500605567 3.974399999999997
55.3 12.575941460257807 3.981600000000006
55.4 12.567093270679155 3.988800000000002
55.5 12.564216450317655 3.995999999999998
55.6 12.520988839467796 4.003199999999994
55.7 12.47621592319571 4.010400000000003
55.8 12.51604819981031 4.017599999999999
55.9 12.609549614967102 4.024799999999995
56.0 12.65926283183341 4.032000000000004
56.1 12.609741846332758 4.0392
56.2 12.54978788769842 4.046399999999996
56.3 12.675230149132155 4.053600000000005
56.4 12.807255226642607 4.0608
56.5 12.86690963967964 4.067999999999997
56.6 12.91618722484324 4.075200000000005
56.7 12.929512035643786 4.082400000000002
56.8 12.912441952696582 4.089599999999997
56.9 12.900010740941788 4.096800000000006
57.0 12.960855360134135 4.104000000000002
57.1 13.076210960000099 4.111199999999998
57.2 13.104379770049292 4.118399999999994
57.3 13.05787729568919 4.125600000000003
57.4 13.126003046761246 4.132799999999999
57.5 13.25163169246054 4.139999999999995
57.6 13.13678640447684 4.147200000000004
57.7 13.031234172347947 4.1544
57.8 12.927597303230117 4.1615999999999955
57.9 12.862980989923114 4.1688000000000045
58.0 12.725571551450518 4.176000000000001
58.1 12.632094790210918 4.183199999999997
58.2 12.595924987099869 4.190400000000006
58.3 12.664143192603062 4.197600000000001
58.4 12.699065952302513 4.204799999999998
58.5 12.797782316150204 4.212000000000006
58.6 12.795597971371727 4.2192000000000025
58.7 12.869865349036182 4.226399999999998
58.8 12.918030358010984 4.233600000000007
58.9 13.016932723637002 4.240800000000003
59.0 13.07885060877861 4.247999999999999
59.1 13.11751003971405 4.255199999999995
59.2 13.078110070743246 4.262400000000004
59.3 13.085688491244884 4.2696
59.4 13.070481739638508 4.276799999999996
59.5 12.959827364850964 4.284000000000005
59.6 12.801911681749353 4.291200000000001
59.7 12.742923414188073 4.2983999999999964
59.8 12.70763992655912 4.305600000000005
59.9 12.506097376843659 4.312800000000002
60.0 12.390777020579813 4.319999999999998
60.1 12.49996421861852 4.327200000000007
60.2 12.594100667829768 4.334400000000002
60.3 12.631099394694933 4.341599999999999
60.4 12.712104159731746 4.348800000000007
60.5 12.757234659343496 4.356000000000003
60.6 12.591648013595677 4.363199999999999
60.7 12.425562816674098 4.370399999999996
60.8 12.332242742768207 4.377600000000004
60.9 12.342464196789876 4.3848
61.0 12.358947165867177 4.391999999999996
61.1 12.353484191314795 4.399200000000005
61.2 12.461220281242571 4.4064000000000005
61.3 12.658633834623553 4.413599999999997
61.4 12.854254225336396 4.420800000000006
61.5 12.943539825514232 4.428000000000002
61.6 13.044269386679446 4.435199999999997
61.7 13.0185305145753 4.442400000000006
61.8 12.994193424528275 4.449600000000003
61.9 12.975500779953292 4.4567999999999985
62.0 13.003109435623637 4.463999999999994
62.1 12.939318606118166 4.471200000000003
62.2 12.806697939630158 4.4784
62.3 12.694031784583544 4.485599999999995
62.4 12.553644251862144 4.492800000000004
62.5 12.480009834481894 4.5
62.6 12.546495784266776 4.5071999999999965
62.7 12.668147585891788 4.514400000000005
62.8 12.742107132464415 4.521600000000001
62.9 12.809557152075902 4.528799999999997
63.0 12.783199274767997 4.536000000000006
63.1 12.736885618659151 4.5432000000000015
63.2 12.726325298563657 4.550399999999998
63.3 12.73714725123723 4.557600000000007
63.4 12.902113021793614 4.564800000000003
63.5 13.016054376262685 4.571999999999998
63.6 12.96665041132899 4.579199999999995
63.7 12.875461494198504 4.586400000000004
63.8 12.86184938770116 4.5935999999999995
63.9 12.952888577741472 4.600799999999995
64.0 13.027932156328012 4.608000000000004
64.1 13.02806078188777 4.615200000000001
64.2 13.00392791463301 4.622399999999996
64.3 13.036086259428583 4.629600000000005
64.4 12.992082596138673 4.636800000000001
64.5 12.862608679160129 4.6439999999999975
64.6 12.839852693838012 4.6512000000000056
64.7 12.828754054329192 4.658400000000002
64.8 12.808117765051113 4.665599999999998
64.9 12.94071793707407 4.672800000000007
65.0 12.968416968088123 4.680000000000002
65.1 12.966344836179172 4.687199999999999
65.2 12.861900256592936 4.694399999999995
65.3 12.85472697098647 4.7016000000000036
65.4 12.914053552963052 4.708799999999999
65.5 12.849493430418677 4.715999999999996
65.6 12.729906915204657 4.723200000000005
65.7 12.732471713260018 4.7304
65.8 12.828891897675183 4.737599999999996
65.9 12.994187397771254 4.744800000000005
66.0 13.118793614044197 4.752000000000002
66.1 13.077702905409456 4.759199999999997
66.2 12.891046738920501 4.766400000000006
66.3 12.70825103609041 4.773600000000002
66.4 12.548586266589522 4.780799999999998
66.5 12.498094086331253 4.787999999999994
66.6 12.667234634734587 4.795200000000003
66.7 12.904024901637964 4.802399999999999
66.8 13.109391024471025 4.809599999999995
66.9 13.161218909043463 4.816800000000003
67.0 13.085057315122912 4.824
67.1 13.105908156723238 4.8311999999999955
67.2 13.171004303203995 4.8384000000000045
67.3 13.119339825665202 4.8456
67.4 13.116281258078828 4.852799999999997
67.5 13.041371297810052 4.860000000000006
67.6 12.970644055188426 4.867200000000001
67.7 12.929258353770143 4.874399999999997
67.8 12.935887039850904 4.881600000000006
67.9 12.914775522481476 4.8888000000000025
68.0 12.850994436231673 4.895999999999998
68.1 12.931010930456731 4.903199999999994
68.2 12.937276342986467 4.910400000000003
68.3 12.879430399524331 4.917599999999999
68.4 12.849250296468721 4.924799999999995
68.5 12.885123472256168 4.932000000000004
68.6 12.951381990111056 4.9392
68.7 13.06222916329517 4.946399999999996
68.8 13.017335448518962 4.953600000000004
68.9 12.863503078796173 4.960800000000001
69.0 12.751277170210292 4.967999999999996
69.1 12.760426611591168 4.975200000000005
69.2 12.832781894250374 4.982400000000001
69.3 12.852539204655566 4.989599999999998
69.4 12.689503807057486 4.996800000000007
69.5 12.615832770458068 5.004000000000002
69.6 12.753167321608974 5.011199999999998
69.7 12.789752456725799 5.018400000000007
69.8 12.692462133879724 5.025600000000003
69.9 12.572892447191892 5.032799999999999
70.0 12.545906962707692 5.039999999999995
70.1 12.572192257859008 5.047200000000004
70.2 12.538388085072492 5.0544
70.3 12.636859661308181 5.061599999999996
70.4 12.807754530495785 5.068800000000005
70.5 12.966746835859166 5.0760000000000005
70.6 13.105504960660946 5.083199999999997
70.7 13.194770466483407 5.090400000000005
70.8 13.270261711366729 5.097600000000002
70.9 13.293324153402796 5.104799999999997
71.0 13.30476425574603 5.112000000000006
71.1 13.150582723935617 5.119200000000002
71.2 13.0241176219296 5.1263999999999985
71.3 13.113019492255907 5.133599999999994
71.4 13.201709418815243 5.140800000000003
71.5 13.108587669721281 5.147999999999999
71.6 13.081040175514996 5.155199999999995
71.7 13.070435742881081 5.162400000000004
71.8 13.064570947606526 5.1696
71.9 13.118309880434056 5.176799999999996
72.0 13.199356593287282 5.184000000000005
72.1 13.269811418298865 5.191200000000001
72.2 13.163964389764105 5.198399999999997
72.3 13.100444419007317 5.205600000000006
72.4 13.04530708624375 5.212800000000001
72.5 12.990496556590639 5.219999999999998
72.6 12.922810793613902 5.227200000000006
72.7 12.90344282259726 5.234400000000003
72.8 12.963027663867912 5.241599999999998
72.9 13.021655798536484 5.248800000000007
73.0 13.066938872111646 5.256000000000003
73.1 13.078935973718853 5.263199999999999
73.2 13.043573702652942 5.270399999999995
73.3 12.956740300631278 5.277600000000004
73.4 12.898779699108125 5.2848
73.5 12.874634205630262 5.291999999999996
73.6 12.727791665431047 5.299200000000005
73.7 12.524898676623458 5.306400000000001
73.8 12.301066164697097 5.3135999999999965
73.9 12.3146443210405 5.3208000000000055
74.0 12.528743948793245 5.328000000000002
74.1 12.763971007813618 5.335199999999998
74.2 12.95581556120815 5.342400000000007
74.3 13.122448426504702 5.349600000000002
74.4 13.228415255410347 5.356799999999999
74.5 13.20950782211518 5.3639999999999946
74.6 13.062141886357992 5.3712000000000035
74.7 12.88634731896738 5.378399999999999
74.8 12.751275955966554 5.385599999999996
74.9 12.752885020027808 5.392800000000004
75.0 12.725482194268917 5.4
75.1 12.709444842157566 5.407199999999996
75.2 12.703620293934453 5.414400000000005
75.3 12.531979221947964 5.421600000000001
75.4 12.495874235260226 5.428799999999997
75.5 12.559876257996809 5.436000000000006
75.6 12.6370226221775 5.443200000000002
75.7 12.740535232517523 5.4503999999999975
75.8 12.786389835921419 5.457599999999994
75.9 12.903577561867726 5.464800000000003
76.0 12.948986378919376 5.471999999999999
76.1 12.901996240022997 5.479199999999994
76.2 12.90392659572221 5.486400000000003
76.3 12.937076395499071 5.4936
76.4 12.896199520142453 5.5007999999999955
76.5 12.86664545456392 5.5080000000000044
76.6 12.897473894396029 5.5152
76.7 12.957870834086824 5.522399999999997
76.8 12.999944218573136 5.529600000000005
76.9 12.917568819044273 5.536800000000001
77.0 12.86549638145508 5.543999999999997
77.1 12.815519250712825 5.551200000000006
77.2 12.80342259392294 5.558400000000002
77.3 12.764965812188718 5.565599999999998
77.4 12.80456010239166 5.572799999999994
77.5 12.867819436661675 5.580000000000003
77.6 12.754263043883046 5.587199999999998
77.7 12.654819864425733 5.594399999999995
77.8 12.624854140386157 5.601600000000004
77.9 12.588745170178184 5.6088
78.0 12.547185503749462 5.615999999999995
78.1 12.43099150574911 5.623200000000004
78.2 12.441533902523181 5.630400000000001
78.3 12.499878871959291 5.637599999999996
78.4 12.623845194350832 5.644800000000005
78.5 12.79098205449132 5.652000000000001
78.6 12.98321353247426 5.659199999999998
78.7 13.108935238139685 5.666400000000006
78.8 13.094422952731327 5.673600000000002
78.9 13.031504533740428 5.680799999999998
79.0 12.915403341729355 5.687999999999994
79.1 12.689943888227841 5.6952000000000025
79.2 12.61015947403317 5.702399999999999
79.3 12.64350083023319 5.709599999999995
79.4 12.72648379143891 5.716800000000004
79.5 12.780017259600557 5.723999999999999
79.6 12.70252135828206 5.731199999999996
79.7 12.76282071168919 5.738400000000005
79.8 12.832586960294293 5.7456000000000005
79.9 13.047570747521343 5.752799999999996
80.0 13.139545587116148 5.760000000000005
80.1 13.13422908769848 5.767200000000002
80.2 13.185044058038946 5.774399999999997
80.3 13.223908628065274 5.781600000000006
80.4 13.254771423412553 5.788800000000002
80.5 13.20071959086516 5.7959999999999985
80.6 13.180971310958506 5.803199999999994
80.7 13.150972680283097 5.810400000000003
80.8 13.27184526783994 5.817599999999999
80.9 13.43555294253439 5.824799999999995
81.0 13.546371159081897 5.832000000000003
81.1 13.50635353174084 5.8392
81.2 13.38780008439681 5.846399999999996
81.3 13.334555108212284 5.853600000000005
81.4 13.35075054311514 5.8608
81.5 13.295094840860356 5.867999999999997
81.6 13.220912807383106 5.875200000000006
81.7 13.165037145553342 5.882400000000001
81.8 13.109096842084329 5.889599999999997
81.9 13.040920466078147 5.896800000000006
82.0 12.985188897199066 5.904000000000003
82.1 12.935959316786342 5.911199999999998
82.2 12.98760936484113 5.918399999999994
82.3 13.03175532895239 5.925600000000003
82.4 13.097122951424193 5.932799999999999
82.5 13.238261962063284 5.939999999999995
82.6 13.293966433933985 5.947200000000004
82.7 13.293793705447671 5.9544
82.8 13.33874904992033 5.961599999999996
82.9 13.149658058208763 5.968800000000004
83.0 13.165888767199377 5.976000000000001
83.1 13.395661819516208 5.9831999999999965
83.2 13.497612076503128 5.9904000000000055
83.3 13.477780522300023 5.997600000000001
83.4 13.581407473456995 6.004799999999998
83.5 13.55571074883207 6.012000000000007
83.6 13.468680523411509 6.019200000000002
83.7 13.296510555430112 6.026399999999998
83.8 13.170452052593722 6.0335999999999945
83.9 13.148856587840218 6.0408000000000035
84.0 13.182888387037686 6.047999999999999
84.1 13.223398491462822 6.055199999999995
84.2 13.246723673636302 6.062400000000004
84.3 13.292806508213188 6.0696
84.4 13.314290503776302 6.076799999999996
84.5 13.28940735255586 6.084000000000005
84.6 13.154308085993963 6.091200000000001
84.7 12.97365027933902 6.098399999999997
84.8 12.991570108855825 6.105600000000005
84.9 13.151996223770173 6.112800000000002
85.0 13.285037757871146 6.119999999999997
85.1 13.336628754211446 6.127200000000006
85.2 13.391450982514103 6.134400000000002
85.3 13.43279208546493 6.141599999999999
85.4 13.551964021111326 6.148800000000008
85.5 13.740627393562791 6.156000000000003
85.6 13.820370511338565 6.163199999999999
85.7 13.907522349933483 6.170399999999995
85.8 13.98517728005586 6.177600000000004
85.9 13.953752145860175 6.1848
86.0 13.934149242563334 6.191999999999996
86.1 13.870475686894757 6.199200000000005
86.2 13.756304856074351 6.206400000000001
86.3 13.670809280298148 6.213599999999997
86.4 13.641039564681705 6.220800000000006
86.5 13.52284522905152 6.2280000000000015
86.6 13.327201752378512 6.235199999999998
86.7 13.244149928575672 6.242400000000006
86.8 13.165736738233903 6.249600000000003
86.9 13.138312444417643 6.256799999999998
87.0 13.090417855190077 6.263999999999995
87.1 13.142586216150969 6.271200000000003
87.2 13.192914359423906 6.2783999999999995
87.3 13.294707429836693 6.285599999999995
87.4 13.263002817558561 6.292800000000004
87.5 13.384306801063616 6.3
87.6 13.528528830870282 6.307199999999996
87.7 13.598788276696613 6.314400000000005
87.8 13.609948247257568 6.321600000000001
87.9 13.628663214801083 6.328799999999997
88.0 13.627312528198605 6.336000000000006
88.1 13.674460157419174 6.343200000000002
88.2 13.635723882566419 6.350399999999998
88.3 13.550694732018172 6.357600000000007
88.4 13.561252388592104 6.3648000000000025
88.5 13.581269599107486 6.371999999999999
88.6 13.555052926069115 6.379200000000007
88.7 13.668401783769562 6.386400000000004
88.8 13.906495415489864 6.393599999999999
88.9 13.896245239996677 6.400799999999996
89.0 13.763799568197557 6.408000000000004
89.1 13.599086796828557 6.4152000000000005
89.2 13.50906127206496 6.422399999999996
89.3 13.461758700448135 6.429600000000005
89.4 13.368942455525362 6.436800000000001
89.5 13.282924556374125 6.443999999999997
89.6 13.191604880837062 6.451200000000006
89.7 13.10031286687379 6.458400000000002
89.8 13.046111212833331 6.465599999999998
89.9 13.013796766512314 6.4728000000000065
90.0 13.070680070480611 6.480000000000003
90.1 13.175654703365648 6.487199999999999
90.2 13.25780094765394 6.494399999999994
90.3 13.28336009875064 6.501600000000003
90.4 13.337481449098023 6.5088
90.5 13.360943090700195 6.515999999999996
90.6 13.423424398144464 6.5232000000000046
90.7 13.506867643761208 6.5304
90.8 13.622112213958363 6.537599999999997
90.9 13.547137630314667 6.544800000000005
91.0 13.418824593981432 6.552000000000001
91.1 13.374789343566269 6.559199999999997
91.2 13.41117665216771 6.566400000000006
91.3 13.469165033549597 6.573600000000002
91.4 13.603138676518208 6.580799999999998
91.5 13.644838379177775 6.588000000000007
91.6 13.750284831968825 6.595200000000003
91.7 13.861988597296177 6.6023999999999985
91.8 13.899560918845182 6.609599999999995
91.9 14.033569516419028 6.616800000000004
92.0 14.194279338255608 6.624
92.1 14.1801525806766 6.631199999999995
92.2 14.057829865910369 6.638400000000004
92.3 14.018916785581386 6.645600000000001
92.4 14.048138753365192 6.6527999999999965
92.5 14.006961131239706 6.6600000000000055
92.6 13.925437297969466 6.667200000000001
92.7 13.897354618131192 6.674399999999998
92.8 13.924234460437582 6.681600000000006
92.9 13.90550932534222 6.688800000000002
93.0 13.867068991229612 6.695999999999998
93.1 13.861607784849644 6.7031999999999945
93.2 13.932828400658899 6.710400000000003
93.3 13.976122471047956 6.717599999999999
93.4 13.969327884494708 6.724799999999995
93.5 13.982958178993393 6.732000000000004
93.6 14.00248671685673 6.739199999999999
93.7 14.014560025783206 6.746399999999996
93.8 13.976795264496054 6.753600000000005
93.9 13.77987487846167 6.760800000000001
94.0 13.680523858849417 6.767999999999996
94.1 13.715378312953773 6.775200000000005
94.2 13.901278425664088 6.782400000000002
94.3 14.018733863757355 6.789599999999997
94.4 13.91734866067345 6.796800000000006
94.5 13.880009867249552 6.804000000000002
94.6 13.9914348744511 6.811199999999999
94.7 14.200214259200038 6.818399999999994
94.8 14.241783159897876 6.825600000000003
94.9 14.14844821059093 6.832799999999999
95.0 14.165697961730885 6.839999999999995
95.1 14.193365397094091 6.8472000000000035
95.2 14.083824157031806 6.8544
95.3 13.853079872170849 6.861599999999996
95.4 13.738176126085616 6.868800000000005
95.5 13.63811469132501 6.876
95.6 13.649800848665212 6.883199999999997
95.7 13.716878964442868 6.890400000000006
95.8 13.790182513563211 6.8976000000000015
95.9 13.850552293276538 6.904799999999997
96.0 13.899455372069928 6.912000000000006
96.1 13.941539642417204 6.919200000000003
96.2 13.978576158841632 6.926399999999998
96.3 13.985171515014692 6.933600000000007
96.4 13.939664005230126 6.940800000000003
96.5 13.867480071393055 6.9479999999999995
96.6 13.90828732026473 6.955199999999995
96.7 13.964063347752115 6.962400000000004
96.8 13.948128570112129 6.9696
96.9 13.874377179617587 6.976799999999996
97.0 13.732565918122338 6.984000000000004
97.1 13.739193257396701 6.991200000000001
97.2 13.928275627902066 6.998399999999997
97.3 14.067985814188761 7.005600000000006
97.4 14.159609789444069 7.012800000000001
97.5 14.210417913399036 7.019999999999998
97.6 14.18465067182557 7.027200000000007
97.7 14.080032271735382 7.034400000000002
97.8 14.005403330942734 7.041599999999998
97.9 14.018237196605593 7.048799999999995
98.0 14.126246075403227 7.056000000000004
98.1 14.229259294548198 7.063199999999999
98.2 14.35782410790249 7.070399999999995
98.3 14.422722797635823 7.077600000000004
98.4 14.462524110638846 7.0848
98.5 14.440214462591083 7.091999999999996
98.6 14.367002102290158 7.099200000000005
98.7 14.173066379569292 7.106400000000001
98.8 14.001851561722082 7.113599999999997
98.9 13.918033329519186 7.120800000000005
99.0 13.824117174591978 7.128000000000002
99.1 13.846492040568773 7.1351999999999975
99.2 13.87209731249303 7.1424000000000065
99.3 13.90407626646804 7.149600000000002
99.4 13.92711438537308 7.156799999999999
99.5 13.941632387989495 7.163999999999994
99.6 13.97625816752649 7.171200000000003
99.7 13.934312223625058 7.178399999999999
99.8 13.897009101961075 7.1855999999999955
99.9 13.860491909982436 7.1928000000000045
100.0 13.867421695026941 7.2
100.1 13.851475407200036 7.207199999999996
100.2 13.876027992497361 7.214400000000005
100.3 13.78919856196607 7.221600000000001
100.4 13.81706382425043 7.228799999999997
100.5 13.956036664438779 7.236000000000006
100.6 14.087719610964363 7.243200000000002
100.7 14.180705708519298 7.250399999999998
100.8 14.25291846131375 7.257600000000006
100.9 14.275123359709733 7.264800000000003
101.0 14.279742196013123 7.2719999999999985
101.1 14.272988856431072 7.279200000000007
101.2 14.240229845118268 7.286400000000003
101.3 14.187987111252601 7.2936
101.4 14.169239656247607 7.300799999999995
101.5 14.238219119406304 7.308000000000004
101.6 14.206284070935839 7.3152
101.7 14.195258989811705 7.3223999999999965
101.8 14.26938732230351 7.3296000000000054
101.9 14.350687091349531 7.336800000000001
102.0 14.33923910582799 7.343999999999997
102.1 14.299439366998197 7.351200000000006
102.2 14.262174028837409 7.358400000000002
102.3 14.289019071076233 7.365599999999998
102.4 14.289073238073755 7.372800000000007
102.5 14.25238983855753 7.380000000000003
102.6 14.044900173219519 7.387199999999999
102.7 13.912382436164323 7.394399999999995
102.8 13.788246589571578 7.401600000000004
102.9 13.6623034732122 7.408799999999999
103.0 13.646721203999851 7.415999999999996
103.1 13.581198246080548 7.423200000000004
103.2 13.53690857177769 7.430400000000001
103.3 13.505939038769762 7.437599999999996
103.4 13.579534475655745 7.444800000000005
103.5 13.611248452435516 7.452000000000001
103.6 13.693049647933625 7.459199999999997
103.7 13.82867408015427 7.466400000000006
103.8 13.962325376778796 7.473600000000002
103.9 14.12596155991992 7.480799999999998
104.0 14.258528149399012 7.487999999999994
104.1 14.395598755736986 7.495200000000003
104.2 14.458319788882095 7.502399999999999
104.3 14.495769732525636 7.509600000000008
104.4 14.48196527050893 7.5168000000000035
104.5 14.494883174053234 7.524
104.6 14.456924711776054 7.531199999999996
104.7 14.357203600250294 7.538400000000005
104.8 14.320917293029865 7.5456
104.9 14.193551151476813 7.552799999999997
105.0 14.077333466657343 7.560000000000005
105.1 14.111417384802438 7.5672000000000015
105.2 14.147567692855331 7.574399999999997
105.3 14.107897658232377 7.581600000000006
105.4 14.023929354333776 7.588800000000002
105.5 13.845494024906642 7.595999999999998
105.6 13.760832672760523 7.603199999999994
105.7 13.734094109414967 7.610400000000003
105.8 13.63106733761657 7.617599999999999
105.9 13.641443764188562 7.624800000000008
106.0 13.67434793006657 7.632000000000004
106.1 13.753750905461905 7.6392
106.2 13.888415946269772 7.646399999999995
106.3 14.011871393899888 7.653600000000004
106.4 14.00821868871137 7.660800000000001
106.5 14.050178698021494 7.667999999999997
106.6 14.020204758042762 7.675200000000006
106.7 13.933939810239785 7.682400000000001
106.8 13.727703564779294 7.689599999999998
106.9 13.610478153823161 7.696800000000006
107.0 13.571601961426477 7.704000000000002
107.1 13.636468554992241 7.711199999999998
107.2 13.712672754252315 7.718400000000007
107.3 13.811319585047402 7.725600000000003
107.4 13.803640636242962 7.732799999999999
107.5 13.767534687132327 7.740000000000008
107.6 13.839601710621887 7.747200000000004
107.7 13.879716509867606 7.7543999999999995
107.8 13.888151766658144 7.761599999999996
107.9 13.87998575090779 7.768800000000005
108.0 13.87965749483719 7.776000000000001
108.1 13.847332006620219 7.783199999999996
108.2 13.838991817287457 7.790400000000005
108.3 13.851771144037192 7.797600000000002
108.4 13.888266978640461 7.8047999999999975
108.5 13.92380095641117 7.8120000000000065
108.6 13.988740550363602 7.819200000000002
108.7 14.058004522366621 7.826399999999999
108.8 14.108407291190964 7.833600000000007
108.9 14.107838411404952 7.840800000000003
109.0 14.083902857815582 7.847999999999999
109.1 14.09462945803122 7.8551999999999955
109.2 14.058917027850622 7.862400000000004
109.3 14.043105524193676 7.8696
109.4 13.995455163631716 7.876799999999996
109.5 14.064404161984605 7.884000000000005
109.6 14.122090063640156 7.8912
109.7 14.175659228151423 7.898399999999997
109.8 14.277028575185767 7.905600000000006
109.9 14.33429578445991 7.912800000000002
110.0 14.327165426023218 7.919999999999997
110.1 14.20536979312605 7.927200000000006
110.2 13.996148608298787 7.934400000000003
110.3 13.855402565199409 7.941599999999998
110.4 13.835690254138497 7.948800000000007
110.5 13.963129241778077 7.956000000000003
110.6 14.062851341451509 7.9632
110.7 13.978406445004348 7.970399999999995
110.8 13.941324380916232 7.977600000000004
110.9 13.921643859136337 7.9848
111.0 14.06284942802171 7.991999999999996
111.1 14.180739251920743 7.9992000000000045
111.2 14.27387731460773 8.006400000000001
111.3 14.254555507112869 8.013599999999997
111.4 14.188569003668107 8.020800000000007
111.5 14.143276622736284 8.028000000000002
111.6 14.111327928119222 8.035199999999998
111.7 14.114283621264592 8.042399999999994
111.8 14.21620460957591 8.049600000000003
111.9 14.176484612347762 8.056799999999999
112.0 14.192495364484099 8.064000000000007
112.1 14.246245777056528 8.071200000000003
112.2 14.31821968528397 8.0784
112.3 14.278053954382855 8.085599999999996
112.4 14.16109956864098 8.092800000000004
112.5 14.173503902861302 8.1
112.6 14.263662909297297 8.107199999999997
112.7 14.370133565361375 8.114400000000005
112.8 14.411123959921566 8.1216
112.9 14.416216606238338 8.128799999999996
113.0 14.313700239797887 8.136000000000006
113.1 14.240168496965836 8.143200000000002
113.2 14.18758131829747 8.150399999999998
113.3 14.206487202783855 8.157599999999993
113.4 14.184670159753273 8.164800000000003
113.5 14.10711525030194 8.171999999999999
113.6 14.088557024230782 8.179200000000007
113.7 14.161722318008373 8.186400000000004
113.8 14.129096174290494 8.1936
113.9 14.038787305931786 8.200799999999996
114.0 14.000143886237877 8.208000000000004
114.1 13.885316875765072 8.215200000000001
114.2 13.833646161271682 8.222399999999997
114.3 13.889417203582793 8.229600000000005
114.4 14.088723854757637 8.2368
114.5 14.241634427449553 8.243999999999998
114.6 14.41516378863321 8.251200000000006
114.7 14.55857828416325 8.258400000000002
114.8 14.573859561867758 8.265599999999997
114.9 14.550348869704873 8.272800000000007
115.0 14.576603078809265 8.280000000000003
115.1 14.691074633366009 8.287199999999999
115.2 14.757265911793233 8.294400000000008
115.3 14.831048751317557 8.301600000000004
115.4 14.866160825848384 8.308800000000012
115.5 14.895419167049285 8.315999999999995
115.6 14.872642582620076 8.323200000000005
115.7 14.899979108369267 8.330400000000013
115.8 14.79244990915096 8.337599999999997
115.9 14.755834353239052 8.344800000000005
116.0 14.743330591883447 8.352000000000002
116.1 14.673697260671437 8.359199999999998
116.2 14.656468182264543 8.366400000000006
116.3 14.65205178131232 8.373600000000001
116.4 14.568751227543554 8.380799999999999
116.5 14.408137925866377 8.387999999999995
116.6 14.301410048223593 8.395200000000003
116.7 14.183231812008103 8.402399999999998
116.8 14.04889818594843 8.409600000000008
116.9 14.015557995435477 8.416800000000004
117.0 14.020887704605945 8.424
117.1 13.999009845689256 8.431199999999995
117.2 13.976647777474103 8.438400000000005
117.3 13.91456324372067 8.4456
117.4 13.93316961517465 8.452799999999996
117.5 13.980683822140726 8.460000000000006
117.6 13.931986770888212 8.467200000000002
117.7 13.947029188699773 8.474399999999997
117.8 14.052476628312544 8.481600000000006
117.9 14.210395866620859 8.488800000000003
118.0 14.34804341534984 8.495999999999999
118.1 14.492274516485278 8.503200000000007
118.2 14.505093634158753 8.510400000000002
118.3 14.439410551841876 8.5176
118.4 14.48846910917419 8.524800000000008
118.5 14.622154195692113 8.532000000000004
118.6 14.699516311398927 8.5392
118.7 14.750994253261958 8.546399999999997
118.8 14.91778814138362 8.553600000000005
118.9 15.125524083408664 8.5608
119.0 15.123706429389651 8.567999999999996
119.1 15.010114870620361 8.575200000000006
119.2 14.870437586684668 8.58239999999999
119.3 14.855676069969162 8.589599999999997
119.4 14.968664222465422 8.596800000000007
119.5 15.017867542916832 8.604000000000003
119.6 14.94265954890444 8.611199999999998
119.7 14.892408095950767 8.618399999999994
119.8 14.918434620648535 8.62559999999999
119.9 14.864204227569806 8.6328
120.0 14.880810476077329 8.639999999999995
120.1 14.941750070294537 8.647199999999991
120.2 15.033170423850313 8.6544
120.3 15.063701869948087 8.661599999999996
120.4 15.04624320893475 8.668800000000005
120.5 15.004500585321791 8.676
120.6 14.919621102475913 8.68320000000001
120.7 14.842747915270794 8.690399999999993
120.8 14.744545525654562 8.697600000000001
120.9 14.643144664385545 8.704799999999997
121.0 14.636893227477279 8.712000000000007
121.1 14.531900255192685 8.719200000000003
121.2 14.346705690787493 8.726399999999998
121.3 14.25268772076841 8.733600000000008
121.4 14.261765923404413 8.740800000000004
121.5 14.367374361870034 8.748
121.6 14.451795096329999 8.755200000000007
121.7 14.355769024182674 8.762400000000005
121.8 14.363485951237179 8.7696
121.9 14.394457439497383 8.776799999999996
122.0 14.253336957537773 8.784000000000004
122.1 14.113185976852643 8.791200000000002
122.2 14.11482168804101 8.798399999999997
122.3 14.147830266521067 8.805600000000005
122.4 14.150543271038515 8.812800000000001
122.5 14.246105774556389 8.819999999999999
122.6 14.202278741720656 8.827200000000007
122.7 14.065828977135821 8.834400000000002
122.8 14.108622190405198 8.841599999999998
122.9 14.315172020057364 8.848799999999995
123.0 14.461492350644525 8.856000000000003
123.1 14.493310278733565 8.863199999999999
123.2 14.509789183449309 8.870400000000009
123.3 14.54070463164813 8.877600000000005
123.4 14.668881297123143 8.8848
123.5 14.73050241206826 8.891999999999996
123.6 14.61760720022434 8.899200000000006
123.7 14.49132317018569 8.906400000000001
123.8 14.427866271732448 8.913599999999997
123.9 14.392723592494706 8.920800000000005
124.0 14.357640423972475 8.928000000000003
124.1 14.280740632915885 8.935199999999998
124.2 14.256899343452291 8.942399999999994
124.3 14.211735633690239 8.949600000000002
124.4 14.177031598452794 8.9568
124.5 14.160865828763837 8.963999999999995
124.6 14.175253620981861 8.971200000000003
124.7 14.232899044200357 8.978399999999999
124.8 14.420557198886081 8.985599999999996
124.9 14.457315727377706 8.992800000000004
125.0 14.454830932378286 9.0
125.1 14.452664493706248 9.007199999999996
125.2 14.488400668321834 9.014400000000006
125.3 14.585093963001937 9.021600000000001
125.4 14.665181595441686 9.028799999999997
125.5 14.704265061089826 9.036000000000007
125.6 14.764039331291334 9.04319999999999
125.7 14.889610920009154 9.05040000000001
125.8 14.944841892489341 9.057600000000006
125.9 14.959916245852165 9.06479999999999
126.0 15.020714261652998 9.072000000000012
126.1 15.16896989470445 9.079199999999995
126.2 15.157881976598903 9.08639999999999
126.3 14.998801816052818 9.093600000000013
126.4 14.905282066098177 9.100799999999996
126.5 14.83088837474294 9.108000000000004
126.6 14.656373215185518 9.1152
126.7 14.49623953447737 9.122399999999997
126.8 14.412200985884603 9.129600000000005
126.9 14.414671674726359 9.136800000000001
127.0 14.36840793143616 9.143999999999997
127.1 14.239559976022697 9.151200000000006
127.2 14.23081926817721 9.158400000000002
127.3 14.364359225273688 9.165599999999998
127.4 14.468505484111613 9.172800000000008
127.5 14.503128582317471 9.180000000000003
127.6 14.41400594311545 9.187199999999999
127.7 14.427072289918863 9.194399999999995
127.8 14.504340731208039 9.201600000000004
127.9 14.574975996897745 9.2088
128.0 14.59087903759014 9.215999999999996
128.1 14.533603776692226 9.223200000000004
128.2 14.479544685333098 9.230400000000001
128.3 14.431629568193657 9.237599999999997
128.4 14.410975871015998 9.244800000000005
128.5 14.315738179895092 9.252
128.6 14.212142127458847 9.259199999999998
128.7 14.182392650569199 9.266400000000006
128.8 14.135393056813598 9.273600000000002
128.9 14.064740186681632 9.280799999999997
129.0 14.058501533026728 9.287999999999995
129.1 14.137890010863254 9.295200000000003
129.2 14.207155630184033 9.302399999999999
129.3 14.241494564809077 9.309599999999994
129.4 14.276616873982565 9.316800000000004
129.5 14.30834124803161 9.324
129.6 14.261796613323243 9.331199999999995
129.7 14.148270202675851 9.338400000000005
129.8 14.185662336513866 9.345600000000001
129.9 14.357639399585352 9.352799999999997
130.0 14.591899379646451 9.360000000000005
130.1 14.76002268911626 9.367200000000002
130.2 14.75071124228263 9.374399999999998
130.3 14.804637903510205 9.381600000000006
130.4 14.892174946420514 9.38879999999999
130.5 14.9811665105485 9.396000000000011
130.6 15.076072483026248 9.403200000000007
130.7 15.17146694236197 9.41039999999999
130.8 15.286981707304426 9.417600000000013
130.9 15.36562831031931 9.424799999999996
131.0 15.433336332486666 9.432000000000004
131.1 15.47206821010685 9.439200000000012
131.2 15.520262336721357 9.446399999999995
131.3 15.51452859421825 9.453600000000005
131.4 15.386458248384816 9.4608
131.5 15.444956542744162 9.468000000000009
131.6 15.509867677082902 9.475199999999992
131.7 15.404534847621283 9.482400000000014
131.8 15.24172310365402 9.48960000000001
131.9 15.1364242911823 9.496800000000006
132.0 15.073753071269813 9.504000000000003
132.1 15.059145764587292 9.511200000000011
132.2 15.02743702859067 9.518400000000007
132.3 14.969695169577863 9.52559999999999
132.4 14.878798903851756 9.532800000000012
132.5 14.895180325112054 9.539999999999996
132.6 15.005865559664008 9.547199999999991
132.7 15.039866681835203 9.554400000000014
132.8 15.099136048590758 9.561599999999997
132.9 15.177743925762233 9.568800000000005
133.0 15.292931273356668 9.576000000000013
133.1 15.397863458908231 9.58320000000001
133.2 15.328945815320935 9.590400000000006
133.3 15.234012783355064 9.597600000000002
133.4 15.220059229893208 9.60480000000001
133.5 15.097022947541454 9.612000000000007
133.6 14.949447988689624 9.61919999999999
133.7 14.886227902446477 9.626400000000011
133.8 14.889548675215883 9.633599999999994
133.9 14.929752279593645 9.640800000000004
134.0 14.919447878472406 9.648000000000012
134.1 14.90183728997028 9.655199999999995
134.2 14.881742786124907 9.662399999999991
134.3 14.92626423414789 9.6696
134.4 15.006760921701835 9.676799999999997
134.5 15.031153679132576 9.683999999999992
134.6 15.012932201391488 9.691200000000014
134.7 14.935952739290554 9.698399999999998
134.8 14.800723298970642 9.705599999999993
134.9 14.672079989223166 9.712800000000014
135.0 14.646225822889253 9.719999999999997
135.1 14.688158699287886 9.727199999999995
135.2 14.799877820966927 9.734400000000003
135.3 14.888623006250873 9.741599999999998
135.4 14.848468486329363 9.748799999999994
135.5 14.789498064257453 9.755999999999991
135.6 14.812209918824072 9.7632
135.7 14.825659241439542 9.770399999999995
135.8 14.819134811701616 9.777600000000005
135.9 14.84589493134908 9.784800000000013
136.0 14.886327662800063 9.791999999999996
136.1 14.962517495374502 9.799200000000004
136.2 15.070213982949753 9.806400000000014
136.3 15.186068475596603 9.813599999999997
136.4 15.257540417855344 9.820799999999993
136.5 15.413325982672962 9.827999999999989
136.6 15.506964848466566 9.835199999999999
136.7 15.587833486880328 9.842400000000007
136.8 15.49529042987306 9.849600000000002
136.9 15.365085623204795 9.856799999999998
137.0 15.279134857311462 9.864000000000008
137.1 15.312718319680775 9.871200000000004
137.2 15.27230134070223 9.878400000000012
137.3 15.158035916520754 9.885599999999995
137.4 15.109553853755791 9.892799999999992
137.5 15.066310287466123 9.9
137.6 15.03264040516389 9.907199999999996
137.7 14.96075574834445 9.914399999999992
137.8 14.859308917451525 9.921600000000002
137.9 14.7882654304771 9.92880000000001
138.0 14.746698653185437 9.935999999999993
138.1 14.763036415610106 9.943200000000003
138.2 14.73515751214357 9.95040000000001
138.3 14.727423316884419 9.957599999999994
138.4 14.772673696913069 9.96479999999999
138.5 14.852222608377375 9.972000000000012
138.6 14.892252255860457 9.979200000000008
138.7 14.87745267615038 9.986400000000003
138.8 14.82174896767256 9.993599999999999
138.9 14.805493078957419 10.000799999999996
139.0 14.703271518153793 10.007999999999992
139.1 14.650875349553335 10.015200000000013
139.2 14.539170748662515 10.022399999999996
139.3 14.529487215810475 10.029600000000006
139.4 14.683323467938177 10.036800000000014
139.5 14.89896376157747 10.043999999999997
139.6 15.054047417361055 10.051200000000007
139.7 15.179910746508185 10.05839999999999
139.8 15.222413062332137 10.065599999999998
139.9 15.185318725921059 10.072799999999994
140.0 15.085018533837172 10.07999999999999
140.1 15.01462596920774 10.087200000000012
140.2 14.944756169344084 10.094399999999995
140.3 14.890995459836521 10.10159999999999
140.4 14.872728999959184 10.108800000000013
140.5 14.883540169941739 10.116000000000009
140.6 14.985097916116649 10.123200000000004
140.7 15.02016617517834 10.130400000000014
140.8 15.028493370716781 10.13760000000001
140.9 15.071487229875567 10.144800000000005
141.0 15.137006706160612 10.152000000000001
141.1 15.222973979130757 10.159200000000011
141.2 15.2487030888383 10.166400000000007
141.3 15.226117747108225 10.17359999999999
141.4 15.198122528382296 10.18080000000001
141.5 15.172917792148352 10.188000000000008
141.6 15.209528942225816 10.195200000000003
141.7 15.241425265671094 10.202400000000011
141.8 15.199341889513436 10.209600000000007
141.9 15.060664144638885 10.216800000000005
142.0 15.075807040317715 10.224
142.1 15.092022397029412 10.231200000000008
142.2 15.058892323422128 10.238400000000004
142.3 14.979988872754276 10.245600000000014
142.4 14.942919958457184 10.25280000000001
142.5 15.084628584619642 10.259999999999993
142.6 15.148528766361082 10.267200000000015
142.7 15.16878718426607 10.27440000000001
142.8 15.266161560846063 10.281599999999994
142.9 15.304836723098644 10.288800000000002
143.0 15.305525196078632 10.296000000000012
143.1 15.345147007058618 10.303200000000007
143.2 15.32470812475342 10.310400000000003
143.3 15.290598184585344 10.317600000000011
143.4 15.285251451097327 10.324800000000009
143.5 15.241709218989417 10.331999999999992
143.6 15.175459461324744 10.339200000000012
143.7 15.23677161226357 10.346400000000008
143.8 15.50047661511372 10.353600000000005
143.9 15.775758195227851 10.360800000000001
144.0 15.916197434862287 10.36800000000001
144.1 15.924025374402186 10.375200000000005
144.2 15.873836666327843 10.382400000000002
144.3 15.862420932083575 10.389599999999998
144.4 15.846504956921486 10.396799999999994
144.5 15.847002043074564 10.404000000000002
144.6 15.922607867063416 10.411200000000012
144.7 15.989941465527554 10.418399999999995
144.8 16.03583571425176 10.425600000000003
144.9 16.15242904718978 10.432800000000013
145.0 16.183461098743788 10.439999999999996
145.1 16.120235243259582 10.447200000000004
145.2 16.190329053469075 10.454400000000012
145.3 16.385133747361333 10.461599999999995
145.4 16.52756489615643 10.468800000000005
145.5 16.709981442441443 10.476000000000013
145.6 16.9218135696281 10.483199999999997
145.7 17.106421685703484 10.490400000000006
145.8 17.245423638256028 10.49759999999999
145.9 17.318485008981853 10.504799999999998
146.0 17.312905301105175 10.512000000000006
146.1 17.25678414351439 10.519199999999989
146.2 17.22096771229035 10.526399999999999
146.3 17.227045931471928 10.533600000000007
146.4 17.293093649899117 10.54079999999999
146.5 17.281250590030993 10.548
146.6 17.336341417269885 10.555200000000008
146.7 17.43049678334141 10.562399999999991
146.8 17.43171097983671 10.5696
146.9 17.38615403284635 10.57680000000001
147.0 17.411511259188906 10.583999999999993
147.1 17.439635956368445 10.5912
147.2 17.429427885865593 10.59840000000001
147.3 17.464514270121498 10.605599999999994
147.4 17.609700466544716 10.612800000000002
147.5 17.729356310716703 10.62000000000001
147.6 17.761420858921205 10.627199999999993
147.7 17.726924704454415 10.634400000000003
147.8 17.69010926699039 10.641600000000011
147.9 17.639333319934316 10.648799999999994
148.0 17.642431227559364 10.656000000000004
148.1 17.703416066659027 10.663200000000012
148.2 17.78820750301836 10.670399999999995
148.3 17.78881436322185 10.677600000000004
148.4 17.821731818375657 10.684800000000013
148.5 17.9373709408506 10.691999999999997
148.6 17.90605425525041 10.699200000000005
148.7 17.893350952884948 10.706399999999988
148.8 17.920810788530204 10.713599999999998
148.9 17.935230824117223 10.720800000000006
149.0 17.96307513125904 10.728000000000014
149.1 18.00120809980945 10.735199999999997
149.2 18.07620489961904 10.742400000000007
149.3 18.135562536809513 10.74959999999999
149.4 18.07440223109175 10.756799999999998
149.5 18.091028256056013 10.764000000000008
149.6 18.015399222931805 10.771199999999991
149.7 17.99877326862967 10.7784
149.8 17.978165422489212 10.785600000000008
149.9 17.90639289966781 10.79279999999999
150.0 17.87860540365543 10.8
150.1 17.82557293611294 10.807200000000009
150.2 17.760671094704566 10.814399999999992
150.3 17.70549780320927 10.821600000000002
150.4 17.743177875305594 10.82880000000001
150.5 17.671072375529423 10.835999999999993
150.6 17.59175376562607 10.843200000000001
150.7 17.64082018914221 10.850400000000011
150.8 17.750669731289378 10.857599999999994
150.9 17.77902684073533 10.864800000000002
151.0 17.81616463299397 10.872000000000012
151.1 17.827983419872545 10.879199999999996
151.2 17.900038342379446 10.886400000000004
151.3 17.96780387445018 10.893600000000012
151.4 18.071415463510036 10.900799999999995
151.5 18.059813712167124 10.908000000000005
151.6 17.930967853518688 10.915199999999988
151.7 17.821587850971877 10.922399999999996
151.8 17.68535620043134 10.929600000000006
151.9 17.64136001284667 10.93679999999999
152.0 17.721026957461362 10.943999999999997
152.1 17.745622420102592 10.951200000000005
152.2 17.756184388355184 10.958399999999989
152.3 17.772430450687366 10.965599999999998
152.4 17.82512986640851 10.972800000000007
152.5 17.768228667445836 10.97999999999999
152.6 17.742060246566755 10.9872
152.7 17.84797081266719 10.994400000000008
152.8 18.02898599987194 11.001599999999991
152.9 18.195329146985934 11.008799999999999
153.0 18.314142813546088 11.016000000000009
153.1 18.27316130538025 11.023199999999992
153.2 18.19574657579151 11.0304
153.3 18.030793606223998 11.03760000000001
153.4 17.916730436497858 11.044799999999993
153.5 17.92306571308148 11.052000000000001
153.6 17.928525689011146 11.05920000000001
153.7 17.96373733322244 11.066399999999993
153.8 18.035306322318846 11.073600000000003
153.9 18.06001473960486 11.08080000000001
154.0 17.962691193328524 11.087999999999994
154.1 17.864383310968183 11.095200000000004
154.2 17.85150655778944 11.102400000000012
154.3 17.964119536887893 11.109599999999995
154.4 18.066458019451034 11.116800000000003
154.5 18.09207329553828 11.124000000000013
154.6 18.03627853710516 11.131199999999996
154.7 17.955753050139347 11.138400000000004
154.8 18.054936309728177 11.145600000000014
154.9 18.256136771880183 11.152799999999997
155.0 18.35157549553843 11.160000000000005
155.1 18.421593940988014 11.167199999999989
155.2 18.560928573523324 11.174399999999997
155.3 18.69836688577939 11.181600000000007
155.4 18.851050215529323 11.18879999999999
155.5 18.915346021885988 11.195999999999998
155.6 18.991148266981103 11.203200000000008
155.7 18.997189102456705 11.210399999999991
155.8 19.04218170502812 11.2176
155.9 19.0588760145641 11.224800000000007
156.0 19.040069659374808 11.23199999999999
156.1 18.98522511822999 11.2392
156.2 18.913794343081932 11.246400000000008
156.3 18.9170175310189 11.253599999999992
156.4 18.939801909653998 11.260800000000001
156.5 18.95195011419734 11.26800000000001
156.6 18.99162786736692 11.275199999999993
156.7 19.04784615092586 11.2824
156.8 19.161846264034715 11.28960000000001
156.9 19.148179249854003 11.296799999999994
157.0 18.983913556176955 11.304000000000002
157.1 18.83501929562354 11.311200000000012
157.2 18.773271951735264 11.318399999999995
157.3 18.75950076419412 11.325600000000003
157.4 18.72944501378109 11.332800000000011
157.5 18.73708884433064 11.339999999999995
157.6 18.778174752201657 11.347200000000004
157.7 18.856570170719735 11.354400000000012
157.8 19.10453391140151 11.361599999999996
157.9 19.276270693470327 11.368800000000006
158.0 19.434327103264103 11.375999999999989
158.1 19.553347438475893 11.383199999999997
158.2 19.561109949065518 11.390400000000005
158.3 19.550326993245967 11.397599999999988
158.4 19.48355521924035 11.404799999999998
158.5 19.40811320635071 11.412000000000006
158.6 19.347190947594882 11.41919999999999
158.7 19.285904212964798 11.4264
158.8 19.281874952119832 11.433600000000007
158.9 19.322668726886718 11.44079999999999
159.0 19.433389385364755 11.447999999999999
159.1 19.46420338306756 11.455200000000008
159.2 19.341640283942567 11.462399999999992
159.3 19.26910575726114 11.4696
159.4 19.26476662517885 11.47680000000001
159.5 19.390431593517704 11.483999999999993
159.6 19.653708529085122 11.491200000000001
159.7 19.90179713917099 11.498400000000009
159.8 20.19608020944895 11.505599999999992
159.9 20.29754997462102 11.512800000000002
160.0 20.27333119964678 11.52000000000001
160.1 20.279362824743412 11.527199999999993
160.2 20.364172869682676 11.534400000000003
160.3 20.53636804067928 11.541600000000011
160.4 20.889457646482164 11.548799999999995
160.5 21.201688361181283 11.556000000000003
160.6 21.46672542378893 11.563200000000013
160.7 21.642087045043596 11.570399999999996
160.8 21.84879677028718 11.577600000000004
160.9 22.094729813646207 11.584800000000014
161.0 22.369744667940502 11.591999999999997
161.1 22.528025807982775 11.599200000000005
161.2 22.624586618659343 11.606400000000013
161.3 22.862294066526395 11.613599999999996
161.4 23.103717938801786 11.620800000000006
161.5 23.412824444237057 11.62799999999999
161.6 23.735382619396155 11.635199999999998
161.7 24.03781453956189 11.642400000000007
161.8 24.198810848944184 11.64959999999999
161.9 24.28896651649383 11.656799999999999
162.0 24.318410764720515 11.664000000000007
162.1 24.36532451485797 11.67119999999999
162.2 24.31456655274056 11.6784
162.3 24.24426540478148 11.685600000000008
162.4 24.2731643285953 11.692799999999991
162.5 24.411078892146723 11.700000000000001
162.6 24.5928142870553 11.70720000000001
162.7 24.699477993679412 11.714399999999992
162.8 24.783111863408863 11.7216
162.9 24.80971111709414 11.72880000000001
163.0 24.818615650986192 11.735999999999994
163.1 24.827963830946626 11.743200000000002
163.2 24.862738710987937 11.750400000000012
163.3 25.013048162254318 11.757599999999995
163.4 25.17354768081849 11.764800000000003
163.5 25.329970724926483 11.772000000000011
163.6 25.605228085468713 11.779199999999994
163.7 25.73843276422864 11.786400000000004
163.8 25.70905151589482 11.793600000000012
163.9 25.703421076370837 11.800799999999995
164.0 25.630256714976117 11.808000000000005
164.1 25.63382790664666 11.815200000000013
164.2 25.71267698922569 11.822399999999996
164.3 25.828237155885386 11.829600000000005
164.4 25.995721917774475 11.836799999999988
164.5 26.250318974919363 11.843999999999998
164.6 26.3956211840165 11.851200000000006
164.7 26.493877213641206 11.858399999999989
164.8 26.64126666688452 11.865599999999999
164.9 26.754319755642744 11.872800000000007
165.0 26.96919503082747 11.87999999999999
165.1 27.201885152003285 11.887199999999998
165.2 27.306090784804542 11.894400000000008
165.3 27.45723748203185 11.901599999999991
165.4 27.62368748575765 11.9088
165.5 27.830504481246567 11.91600000000001
165.6 28.081495719337816 11.923199999999992
165.7 28.187075053592874 11.9304
165.8 28.236214292114965 11.937600000000009
165.9 28.24050484817532 11.944799999999992
166.0 28.301796889427457 11.952000000000002
166.1 28.413793891163508 11.95920000000001
166.2 28.53999225296136 11.966399999999993
166.3 28.647636495644985 11.973600000000003
166.4 28.675188583833446 11.980800000000011
166.5 28.751270701929744 11.987999999999994
166.6 28.880636440008796 11.995200000000002
166.7 29.041686732779414 12.002400000000012
166.8 29.198625781447742 12.009599999999995
166.9 29.215541151453646 12.016800000000003
167.0 29.198208732821584 12.024000000000013
167.1 29.256923478643834 12.031199999999997
167.2 29.279203003596486 12.038400000000005
167.3 29.317058325260618 12.045600000000013
167.4 29.409583528630098 12.052799999999996
167.5 29.551539563353423 12.060000000000006
167.6 29.742559467207574 12.067199999999989
167.7 29.90225497585493 12.074399999999997
167.8 30.070871093150252 12.081600000000007
167.9 30.33597384987352 12.088800000000015
168.0 30.757940940433635 12.095999999999998
168.1 31.142962705274293 12.103199999999982
168.2 31.49422718904035 12.11039999999999
168.3 31.716794577989816 12.1176
168.4 31.959056433329323 12.124799999999983
168.5 32.24524818968566 12.132000000000017
168.6 32.47957049578257 12.1392
168.7 32.69341771281713 12.146399999999984
168.8 32.82195737082926 12.153600000000017
168.9 32.9533771776327 12.1608
169.0 33.076299905963594 12.167999999999983
169.1 33.2197703128305 12.175200000000018
169.2 33.375565420427016 12.182400000000001
169.3 33.51242157767249 12.189599999999984
169.4 33.69983182209618 12.19680000000002
169.5 33.86080708998126 12.204000000000002
169.6 34.01884352286585 12.211199999999986
169.7 34.155359502305515 12.21840000000002
169.8 34.317372562742726 12.225600000000004
169.9 34.43127758854215 12.232799999999987
170.0 34.50121859718217 12.240000000000022
170.1 34.60465151743269 12.247200000000005
170.2 34.78458970463412 12.254399999999988
170.3 34.94240080335378 12.261600000000021
170.4 34.963143669673975 12.268800000000004
170.5 34.986087351950594 12.275999999999987
170.6 35.10463651214059 12.283200000000022
170.7 35.31840380272622 12.290400000000005
170.8 35.53333693590333 12.297599999999989
170.9 35.78377763650424 12.304800000000023
171.0 36.01060870281473 12.312000000000006
171.1 36.17799033975056 12.31919999999999
171.2 36.42981096816861 12.326400000000024
171.3 36.67563963814335 12.333600000000008
171.4 36.87494280274337 12.34079999999999
171.5 37.12339179708438 12.348000000000026
171.6 37.34692671432955 12.355200000000009
171.7 37.493264887226886 12.362399999999992
171.8 37.55666750252741 12.369600000000025
171.9 37.621661512999374 12.376800000000008
172.0 37.74071273288813 12.383999999999991
172.1 37.901115179072505 12.391200000000026
172.2 38.101430723673005 12.39840000000001
172.3 38.33677942540932 12.405599999999993
172.4 38.53093611708618 12.412799999999976
172.5 38.66392128495933 12.42000000000001
172.6 38.847158427030195 12.427199999999994
172.7 39.084193761747805 12.434399999999977
172.8 39.259451718422774 12.441600000000012
172.9 39.480229302963984 12.448799999999995
173.0 39.734801786306456 12.455999999999978
173.1 39.91577070919341 12.463200000000013
173.2 39.98003658811872 12.470399999999996
173.3 40.17125427787753 12.47759999999998
173.4 40.47436107718351 12.484800000000012
173.5 40.73239632349093 12.491999999999996
173.6 40.90856481736324 12.499199999999979
173.7 41.13164337194508 12.506400000000014
173.8 41.21940403053812 12.513599999999997
173.9 41.282151323254055 12.52079999999998
174.0 41.45253315441018 12.528000000000015
174.1 41.71761722775572 12.535199999999998
174.2 42.00943980571089 12.542399999999981
174.3 42.251230316668845 12.549600000000016
174.4 42.44522014119303 12.556799999999999
174.5 42.7295410490677 12.563999999999982
174.6 43.0036715791394 12.571200000000017
174.7 43.2217481481829 12.5784
174.8 43.47510763948649 12.585599999999983
174.9 43.69241788138641 12.592800000000016
175.0 43.900715962473285 12.6
175.1 44.014516369888916 12.607199999999983
175.2 44.10442755381068 12.614400000000018
175.3 44.21538578191864 12.6216
175.4 44.44722623426653 12.628799999999984
175.5 44.76260333259761 12.636000000000019
175.6 45.05753922392752 12.643200000000002
175.7 45.14486005728113 12.650399999999985
175.8 45.11836671368488 12.65760000000002
175.9 45.045867298509656 12.664800000000003
176.0 45.10236884895338 12.671999999999986
176.1 45.18971579333047 12.679200000000021
176.2 45.27136818340095 12.686400000000004
176.3 45.431472440250296 12.693599999999988
176.4 45.57230522824732 12.70080000000002
176.5 45.777932421536434 12.708000000000004
176.6 46.08671021596177 12.715199999999987
176.7 46.34485380259733 12.722400000000022
176.8 46.57620526638931 12.729600000000005
176.9 46.69748699897641 12.736799999999988
177.0 46.86414907644572 12.744000000000023
177.1 47.11913978818888 12.751200000000006
177.2 47.36667835077704 12.75839999999999
177.3 47.59165975988472 12.765600000000024
177.4 47.73048937062606 12.772800000000007
177.5 47.94046177076289 12.77999999999999
177.6 48.12847763572237 12.787200000000025
177.7 48.17668087647084 12.794400000000008
177.8 48.27758090704603 12.801599999999992
177.9 48.34693852829464 12.808800000000025
178.0 48.49422067648273 12.816000000000008
178.1 48.60595209807615 12.823199999999991
178.2 48.741889856934115 12.830400000000026
178.3 48.95059466437095 12.837600000000009
178.4 49.18963639966414 12.844799999999992
178.5 49.30303888584034 12.851999999999975
178.6 49.416453851892506 12.85920000000001
178.7 49.507064297764586 12.866399999999993
178.8 49.701295659810576 12.873600000000028
178.9 49.959736799515916 12.880800000000011
179.0 50.125351258182945 12.887999999999995
179.1 50.39028067950528 12.895199999999978
179.2 50.613555768303826 12.902400000000013
179.3 50.713386234434246 12.909599999999996
179.4 50.84328421308218 12.916799999999979
179.5 50.95192036574083 12.924000000000012
179.6 51.08022248286865 12.931199999999995
179.7 51.295368063012546 12.938399999999978
179.8 51.438270113316115 12.945600000000013
179.9 51.6087067979202 12.952799999999996
180.0 51.7676481616071 12.95999999999998
180.1 51.93755569788109 12.967200000000014
180.2 52.17680297464105 12.974399999999997
180.3 52.40781233306614 12.98159999999998
180.4 52.68421562042681 12.988800000000015
180.5 52.915077791630104 12.995999999999999
180.6 53.134793817457066 13.003199999999982
180.7 53.333319872225836 13.010400000000017
180.8 53.39076473830339 13.0176
180.9 53.45030315494598 13.024799999999983
181.0 53.617058069990726 13.032000000000016
181.1 53.79604006536852 13.0392
181.2 53.97656669312615 13.046399999999982
181.3 54.30481349145743 13.053600000000017
181.4 54.523541597547805 13.0608
181.5 54.72093065702721 13.067999999999984
181.6 54.897596076516606 13.075200000000018
181.7 55.02518456009557 13.082400000000002
181.8 55.139799295178854 13.089599999999985
181.9 55.21204710053199 13.09680000000002
182.0 55.293981298820874 13.104000000000003
182.1 55.295226452166304 13.111199999999986
182.2 55.39939454601002 13.11840000000002
182.3 55.5875540580528 13.125600000000004
182.4 55.83665899497986 13.132799999999987
182.5 56.041319290473815 13.14000000000002
182.6 56.16870334046954 13.147200000000003
182.7 56.34813476931629 13.154399999999987
182.8 56.3775950672422 13.161600000000021
182.9 56.37981639294735 13.168800000000005
183.0 56.586181848938956 13.175999999999988
183.1 56.81100892676612 13.183200000000022
183.2 57.094176540417195 13.190400000000006
183.3 57.28181669645775 13.197599999999989
183.4 57.579652580598975 13.204800000000024
183.5 57.913993905973 13.212000000000007
183.6 58.24703701464001 13.21919999999999
183.7 58.4709833651104 13.226400000000025
183.8 58.60121975995396 13.233600000000008
183.9 58.67764761052802 13.240799999999991
184.0 58.72477207850383 13.248000000000024
184.1 58.73082357064531 13.255200000000007
184.2 58.8467424466067 13.26239999999999
184.3 58.989181195077634 13.269600000000025
184.4 59.129525291512124 13.276800000000009
184.5 59.26931997388618 13.283999999999992
184.6 59.543271948297 13.291199999999975
184.7 59.83796621894492 13.29840000000001
184.8 60.233106220611596 13.305599999999993
184.9 60.620354726245694 13.312800000000028
185.0 60.901916937792656 13.320000000000011
185.1 61.20950872266758 13.327199999999994
185.2 61.437051500445996 13.334399999999977
185.3 61.692090581859716 13.341600000000012
185.4 61.965896236865326 13.348799999999995
185.5 62.13153495312825 13.355999999999979
185.6 62.3867945519508 13.363199999999962
185.7 62.70032947319073 13.370400000000046
185.8 62.79553580239282 13.37760000000003
185.9 62.85731658594292 13.384800000000013
186.0 63.102994032626604 13.392000000000047
186.1 63.32766638894114 13.39920000000003
186.2 63.51797938550084 13.406399999999962
186.3 63.68622770324414 13.413599999999997
186.4 63.807136620531026 13.420800000000032
186.5 63.98682525818274 13.428000000000015
186.6 64.19839518537988 13.435199999999998
186.7 64.5148648223693 13.442400000000033
186.8 64.8305059003013 13.449599999999965
186.9 65.11551742326087 13.4568
187.0 65.39290569570011 13.464000000000032
187.1 65.64175390807308 13.471199999999966
187.2 65.91147021123541 13.478399999999999
187.3 66.25196971211041 13.485600000000034
187.4 66.46080252383807 13.492799999999965
187.5 66.6534051526081 13.5
187.6 66.83028996906265 13.507200000000035
187.7 67.02410983828203 13.514399999999966
187.8 67.2880995993665 13.521600000000001
187.9 67.67264857995478 13.528800000000036
188.0 68.15930024801835 13.535999999999968
188.1 68.71533656418742 13.543200000000002
188.2 69.21980507989613 13.550400000000037
188.3 69.61221792980501 13.557599999999969
188.4 69.96529400657383 13.564800000000004
188.5 70.30372746292828 13.572000000000036
188.6 70.60403243930102 13.57919999999997
188.7 70.82537135987961 13.586400000000003
188.8 71.03378271033745 13.593600000000038
188.9 71.26286793220277 13.60079999999997
189.0 71.59562359683157 13.608000000000004
189.1 71.93279468115428 13.615200000000039
189.2 72.34448898545051 13.62239999999997
189.3 72.69659514739269 13.629600000000005
189.4 72.96853802425917 13.63680000000004
189.5 73.24049364347474 13.643999999999972
189.6 73.50940702499567 13.651200000000006
189.7 73.85280019113625 13.658400000000041
189.8 74.2960530696126 13.665599999999973
189.9 74.80618090044335 13.672800000000008
190.0 75.30652928842677 13.68000000000004
190.1 75.92156287509546 13.687199999999974
190.2 76.57390640165274 13.694400000000007
190.3 77.28213239279452 13.701600000000042
190.4 78.05153274216508 13.708799999999973
190.5 78.9008871047978 13.716000000000008
190.6 79.83728418276704 13.723200000000043
190.7 80.89205770603867 13.730399999999975
190.8 82.00849859093786 13.73760000000001
190.9 83.18711448486899 13.744800000000044
191.0 84.40841630553277 13.751999999999976
191.1 85.71788312094819 13.75920000000001
191.2 87.0754784999199 13.766400000000045
191.3 88.51129093445186 13.773599999999977
191.4 89.97843532539798 13.780800000000012
